[2015-12-02 23:15:25] START
[2015-12-02 23:15:35] CREATE db2014.py: 0
[2015-12-02 23:17:47] EDIT weather/models/db2014.py: 9
[2015-12-02 23:18:04] EDIT weather/models/db2014.py: 0
[2015-12-02 23:18:37] EDIT weather/models/db2014.py: 0
[2015-12-02 23:18:52] EDIT weather/models/db2014.py: 0
[2015-12-02 23:19:30] EDIT weather/models/db2014.py: 0
[2015-12-02 23:27:05] CREATE default/main.html: 0
[2015-12-02 23:28:59] EDIT weather/controllers/default.py: 6
[2015-12-02 23:29:08] CREATE default/curr.html: 0
[2015-12-02 23:36:01] EDIT weather/views/default/curr.html: 8
[2015-12-02 23:36:51] EDIT weather/controllers/default.py: 0
[2015-12-02 23:37:23] EDIT weather/views/default/curr.html: 0
[2015-12-02 23:37:49] EDIT weather/views/default/curr.html: 0
[2015-12-02 23:39:10] EDIT weather/views/default/curr.html: 1
[2015-12-02 23:39:32] EDIT weather/views/default/curr.html: 0
[2015-12-02 23:39:56] EDIT weather/views/default/curr.html: 1
[2015-12-02 23:40:13] EDIT weather/views/default/curr.html: 1
[2015-12-02 23:41:26] EDIT weather/views/default/curr.html: -3
[2015-12-02 23:43:14] EDIT weather/views/default/curr.html: 16
[2015-12-02 23:43:43] EDIT weather/views/default/curr.html: -1
[2015-12-02 23:45:51] EDIT weather/views/default/curr.html: 15
[2015-12-02 23:46:48] EDIT weather/views/default/curr.html: 0
[2015-12-02 23:47:50] EDIT weather/views/default/curr.html: 0
[2015-12-02 23:48:32] EDIT weather/views/default/curr.html: 0
[2015-12-02 23:49:03] EDIT weather/views/default/curr.html: 1
[2015-12-02 23:49:27] EDIT weather/views/default/curr.html: 0
[2015-12-02 23:50:30] EDIT weather/views/default/curr.html: 0
[2015-12-02 23:51:23] EDIT weather/views/default/curr.html: 0
[2015-12-02 23:51:29] EDIT weather/views/default/curr.html: 0
[2015-12-02 23:53:02] EDIT weather/views/default/curr.html: 5
[2015-12-02 23:56:16] EDIT weather/static/css/bootstrap.min.css: 0
[2015-12-02 23:56:54] EDIT weather/static/css/bootstrap.min.css: 0
[2015-12-02 23:57:47] EDIT weather/views/default/curr.html: 1
[2015-12-02 23:58:21] EDIT weather/views/default/curr.html: 1
[2015-12-02 23:58:54] EDIT weather/views/default/curr.html: 0
[2015-12-03 00:15:14] EDIT weather/controllers/default.py: 22
[2015-12-03 00:48:21] EDIT weather/controllers/default.py: 51
[2015-12-03 00:54:13] EDIT weather/controllers/default.py: 4
[2015-12-03 00:54:29] EDIT weather/controllers/default.py: 0
[2015-12-03 00:55:59] EDIT weather/controllers/default.py: 1
[2015-12-03 00:56:42] EDIT weather/controllers/default.py: 0
[2015-12-03 00:57:41] EDIT weather/models/db2014.py: 0
[2015-12-03 00:58:07] EDIT weather/controllers/default.py: 0
[2015-12-03 00:58:31] EDIT weather/controllers/default.py: 0
[2015-12-03 00:59:18] EDIT weather/controllers/default.py: 1
[2015-12-03 01:07:49] EDIT weather/controllers/default.py: 19
[2015-12-03 01:07:57] EDIT weather/controllers/default.py: 0
[2015-12-03 01:08:46] EDIT weather/controllers/default.py: 0
[2015-12-03 01:08:58] EDIT weather/controllers/default.py: 0
[2015-12-03 01:09:26] EDIT weather/controllers/default.py: 0
[2015-12-03 01:11:55] EDIT weather/controllers/default.py: 0
[2015-12-03 01:17:05] EDIT weather/controllers/default.py: 1
[2015-12-03 01:17:28] EDIT weather/controllers/default.py: 0
[2015-12-03 01:18:35] EDIT weather/controllers/default.py: 0
[2015-12-03 01:19:16] EDIT weather/controllers/default.py: 0
[2015-12-03 01:21:12] EDIT weather/controllers/default.py: 29
[2015-12-03 01:21:33] EDIT weather/controllers/default.py: 0
[2015-12-03 01:21:39] EDIT weather/controllers/default.py: 0
[2015-12-03 01:22:07] EDIT weather/controllers/default.py: 1
[2015-12-03 01:22:24] EDIT weather/controllers/default.py: -1
[2015-12-03 01:22:43] EDIT weather/controllers/default.py: 0
[2015-12-03 01:23:05] EDIT weather/controllers/default.py: 1
[2015-12-03 01:23:33] EDIT weather/controllers/default.py: -1
[2015-12-03 01:23:56] EDIT weather/controllers/default.py: 0
[2015-12-03 01:24:01] EDIT weather/controllers/default.py: 0
[2015-12-03 01:26:04] CREATE default/daily2.html: 0
[2015-12-03 01:26:34] EDIT weather/controllers/default.py: 0
[2015-12-03 01:26:58] EDIT weather/views/default/daily2.html: -2
[2015-12-03 01:27:35] EDIT weather/views/default/daily2.html: 2
[2015-12-03 01:28:59] EDIT weather/views/default/daily2.html: 6
[2015-12-03 01:29:14] EDIT weather/views/default/daily2.html: 2
[2015-12-03 01:30:50] EDIT weather/controllers/default.py: 0
[2015-12-03 01:30:56] CREATE default/daily.html: 0
[2015-12-03 01:31:19] EDIT weather/controllers/default.py: 0
[2015-12-03 01:31:56] EDIT weather/views/default/daily.html: 0
[2015-12-03 01:35:35] EDIT weather/views/default/daily.html: 39
[2015-12-03 01:36:20] EDIT weather/views/default/daily.html: 0
[2015-12-03 01:36:51] EDIT weather/views/default/daily.html: 0
[2015-12-03 01:37:48] EDIT weather/views/default/daily.html: 0
[2015-12-03 01:37:57] EDIT weather/views/default/daily.html: 0
[2015-12-03 01:38:07] EDIT weather/views/default/daily.html: 0
[2015-12-03 01:38:20] EDIT weather/views/default/daily.html: 0
[2015-12-03 01:38:30] EDIT weather/views/default/daily.html: 0
[2015-12-03 01:42:50] EDIT weather/views/default/daily.html: 0
[2015-12-03 01:42:57] EDIT weather/views/default/daily.html: 0
[2015-12-03 01:43:53] EDIT weather/views/default/daily.html: -10
[2015-12-03 01:44:49] EDIT weather/views/default/daily.html: 0
[2015-12-03 01:46:22] EDIT weather/views/default/daily.html: 0
[2015-12-03 01:47:05] EDIT weather/controllers/default.py: 0
[2015-12-03 01:48:41] EDIT weather/views/default/daily.html: 1
[2015-12-03 01:48:54] EDIT weather/views/default/daily.html: 1
[2015-12-03 01:49:08] EDIT weather/views/default/daily.html: -2
[2015-12-03 01:49:47] EDIT weather/views/default/daily.html: -3
[2015-12-03 01:50:53] EDIT weather/views/default/daily.html: 1
[2015-12-03 01:51:20] EDIT weather/views/default/daily.html: 0
[2015-12-03 01:53:55] EDIT weather/views/default/daily.html: 0
[2015-12-03 01:53:58] EDIT weather/views/default/daily.html: 0
[2015-12-03 01:54:11] EDIT weather/views/default/daily.html: 0
[2015-12-03 02:05:35] EDIT weather/views/default/daily.html: 0
[2015-12-03 02:07:53] EDIT weather/views/default/daily.html: 1
[2015-12-03 02:08:11] EDIT weather/views/default/daily.html: 1
[2015-12-03 02:10:37] EDIT weather/views/default/daily.html: -3
[2015-12-03 02:14:02] EDIT weather/views/default/daily.html: 0
[2015-12-03 02:14:16] EDIT weather/views/default/daily.html: 0
[2015-12-03 02:15:07] EDIT weather/views/default/daily.html: 0
[2015-12-03 02:15:32] EDIT weather/views/default/daily.html: 0
[2015-12-03 02:39:58] EDIT weather/controllers/default.py: 5
[2015-12-03 02:40:28] CREATE default/weekdays.html: 0
[2015-12-03 02:40:34] EDIT weather/views/default/weekdays.html: 2
[2015-12-03 02:41:39] EDIT weather/views/default/weekdays.html: 0
[2015-12-03 02:42:14] EDIT weather/controllers/default.py: 0
[2015-12-03 02:43:45] EDIT weather/controllers/default.py: -1
[2015-12-03 02:44:15] EDIT weather/controllers/default.py: 0
[2015-12-03 02:45:00] EDIT weather/views/default/weekdays.html: 1
[2015-12-03 02:46:22] EDIT weather/controllers/default.py: 15
[2015-12-03 02:46:41] EDIT weather/views/default/weekdays.html: 0
[2015-12-03 02:46:57] EDIT weather/views/default/weekdays.html: 2
[2015-12-03 02:47:54] EDIT weather/views/default/weekdays.html: 1
[2015-12-03 02:48:45] EDIT weather/views/default/weekdays.html: 78
[2015-12-03 02:49:53] EDIT weather/views/default/weekdays.html: 0
[2015-12-03 02:53:06] EDIT weather/views/default/weekdays.html: 0
[2015-12-03 02:54:04] EDIT weather/views/default/weekdays.html: 0
[2015-12-03 03:07:56] EDIT weather/views/default/daily.html: 4
[2015-12-03 03:08:00] EDIT weather/views/default/daily.html: 0
[2015-12-03 03:08:34] EDIT weather/views/default/daily.html: 0
[2015-12-03 03:08:42] EDIT weather/views/default/daily.html: 0
[2015-12-03 03:08:56] EDIT weather/views/default/daily.html: 0
[2015-12-03 03:09:07] EDIT weather/views/default/daily.html: 0
[2015-12-03 03:10:06] EDIT weather/views/default/daily.html: 0
[2015-12-03 03:10:06] EDIT weather/views/default/daily.html: 0
[2015-12-03 09:36:11] EDIT weather/views/default/weekdays.html: 0
[2015-12-03 09:37:24] EDIT weather/views/default/weekdays.html: 1
[2015-12-03 09:37:42] EDIT weather/views/default/weekdays.html: 0
[2015-12-03 09:39:27] EDIT weather/views/default/weekdays.html: -2
[2015-12-03 09:41:21] EDIT weather/views/default/weekdays.html: 0
[2015-12-03 09:44:36] EDIT weather/views/default/weekdays.html: 2
[2015-12-03 09:45:20] EDIT weather/views/default/weekdays.html: -77
[2015-12-03 09:45:54] EDIT weather/views/default/weekdays.html: 0
[2015-12-03 09:46:56] EDIT weather/views/default/weekdays.html: -2
[2015-12-03 09:48:04] EDIT weather/views/default/weekdays.html: 0
[2015-12-03 09:49:30] EDIT weather/views/default/weekdays.html: 0
[2015-12-03 09:50:19] EDIT weather/views/default/weekdays.html: 1
[2015-12-03 09:51:22] EDIT weather/views/default/weekdays.html: 0
[2015-12-03 09:54:32] EDIT weather/views/default/weekdays.html: 1
[2015-12-03 09:55:59] EDIT weather/views/default/weekdays.html: 1
[2015-12-03 09:57:21] EDIT weather/views/default/weekdays.html: -1
[2015-12-03 09:57:25] EDIT weather/views/default/weekdays.html: -2
[2015-12-03 09:57:49] EDIT weather/views/default/weekdays.html: -2
[2015-12-03 09:58:11] EDIT weather/views/default/weekdays.html: 0
[2015-12-03 10:00:56] EDIT weather/views/default/weekdays.html: 2
[2015-12-03 10:02:04] EDIT weather/views/default/weekdays.html: -8
[2015-12-03 10:03:22] EDIT weather/controllers/default.py: -27
[2015-12-03 10:03:28] EDIT weather/controllers/default.py: 0
[2015-12-03 10:03:38] EDIT weather/controllers/default.py: 1
[2015-12-03 10:03:44] EDIT weather/controllers/default.py: 0
[2015-12-03 10:04:02] CREATE default/try1.htm: 0
[2015-12-03 10:04:08] CREATE default/try1.html: 0
[2015-12-03 10:04:15] EDIT weather/views/default/try1.html: -2
[2015-12-03 10:04:29] EDIT weather/views/default/try1.html: 8
[2015-12-03 10:04:48] EDIT weather/views/default/try1.html: 0
[2015-12-03 10:04:59] EDIT weather/views/default/try1.html: 0
[2015-12-03 10:05:38] EDIT weather/views/default/try1.html: -1
[2015-12-03 15:56:42] EDIT weather/controllers/default.py: 18
[2015-12-03 17:12:42] EDIT weather/views/default/try1.html: 75
[2015-12-03 17:39:46] EDIT weather/views/default/try1.html: 2
[2015-12-03 17:40:38] EDIT weather/views/default/try1.html: 1
[2015-12-03 17:41:27] EDIT weather/views/default/try1.html: 0
[2015-12-03 18:04:11] EDIT weather/views/default/daily.html: 0
[2015-12-03 18:06:56] EDIT weather/views/default/try1.html: 1
[2015-12-03 18:07:33] EDIT weather/views/default/try1.html: -1
[2015-12-03 18:08:32] EDIT weather/views/default/try1.html: 0
[2015-12-03 18:10:17] EDIT weather/views/default/daily.html: -1
[2015-12-03 18:12:23] EDIT weather/views/default/daily.html: 0
[2015-12-03 18:15:30] EDIT weather/views/default/daily.html: -3
[2015-12-03 18:15:59] EDIT weather/controllers/default.py: 1
[2015-12-03 18:15:59] EDIT weather/controllers/default.py: 0
[2015-12-03 18:16:05] EDIT weather/views/default/daily.html: 0
[2015-12-03 18:17:13] EDIT weather/controllers/default.py: 0
[2015-12-03 18:32:49] EDIT weather/views/default/curr.html: -18
[2015-12-03 18:33:20] EDIT weather/views/default/curr.html: 0
[2015-12-03 18:33:44] EDIT weather/views/default/curr.html: 0
[2015-12-03 18:34:01] EDIT weather/views/default/curr.html: 0
[2015-12-03 18:34:14] EDIT weather/views/default/curr.html: 0
[2015-12-03 18:34:34] EDIT weather/views/default/curr.html: 0
[2015-12-03 18:34:48] EDIT weather/views/default/curr.html: 0
[2015-12-03 18:35:54] EDIT weather/views/default/curr.html: 1
[2015-12-03 18:36:31] EDIT weather/views/default/curr.html: 1
[2015-12-03 18:36:42] EDIT weather/views/default/curr.html: 2
[2015-12-03 18:36:47] EDIT weather/views/default/curr.html: 0
[2015-12-03 18:37:26] EDIT weather/views/default/curr.html: 0
[2015-12-03 18:39:02] EDIT weather/views/default/curr.html: 1
[2015-12-03 21:34:15] DELETE weather/views/default/main.html: -3
[2015-12-03 21:34:19] DELETE weather/views/default/try1.html: -86
[2015-12-03 21:34:22] DELETE weather/views/default/try1.htm: 0
[2015-12-03 21:34:27] DELETE weather/views/default/user.html: -31
[2015-12-03 21:34:36] DELETE weather/views/default/weekdays.html: -1
[2015-12-03 21:34:49] EDIT weather/controllers/default.py: -171
[2015-12-03 21:35:14] DELETE weather/views/default/daily2.html: -11
[2015-12-03 21:35:17] DELETE weather/views/default/daily.html: -29
[2015-12-03 21:36:02] EDIT weather/views/default/curr.html: -2
[2015-12-03 21:37:13] EDIT weather/views/default/curr.html: 22
[2015-12-03 21:38:48] EDIT weather/views/default/curr.html: -22
[2015-12-03 21:42:00] EDIT weather/views/default/curr.html: -4
[2015-12-03 21:42:51] EDIT weather/controllers/default.py: 1
[2015-12-03 21:42:55] EDIT weather/controllers/default.py: 0
[2015-12-03 21:43:09] EDIT weather/views/default/curr.html: 0
[2015-12-03 21:43:31] EDIT weather/views/default/curr.html: 0
[2015-12-03 21:45:28] EDIT weather/views/default/curr.html: 3
[2015-12-03 21:46:03] EDIT weather/views/default/curr.html: 0
[2015-12-03 21:46:11] EDIT weather/views/default/curr.html: 0
[2015-12-03 21:46:29] EDIT weather/views/default/curr.html: 0
[2015-12-03 21:46:48] EDIT weather/views/default/curr.html: 0
[2015-12-03 21:46:54] EDIT weather/views/default/curr.html: -1
[2015-12-03 21:47:03] EDIT weather/views/default/curr.html: 1
[2015-12-03 21:47:17] EDIT weather/views/default/curr.html: 0
[2015-12-03 21:50:32] EDIT weather/controllers/default.py: 2
[2015-12-03 21:50:55] EDIT weather/views/default/curr.html: 0
[2015-12-03 21:53:38] EDIT weather/models/db2014.py: 1
[2015-12-03 21:55:38] EDIT weather/controllers/default.py: 4
[2015-12-03 21:58:25] EDIT weather/views/default/curr.html: 39
[2015-12-03 21:58:44] EDIT weather/views/default/curr.html: 0
[2015-12-03 21:59:56] EDIT weather/views/default/curr.html: 13
[2015-12-03 22:02:20] EDIT weather/views/default/curr.html: 8
[2015-12-03 22:03:31] EDIT weather/views/default/curr.html: 8
[2015-12-03 22:07:33] EDIT weather/views/default/curr.html: 0
[2015-12-03 22:18:21] EDIT weather/views/default/curr.html: 0
[2015-12-03 22:19:59] CREATE test.html: 0
[2015-12-03 22:20:13] EDIT weather/controllers/default.py: 0
[2015-12-03 22:20:21] EDIT weather/views/test.html: 71
[2015-12-03 22:20:41] EDIT weather/views/default/curr.html: 0
[2015-12-03 22:21:18] CREATE default/test.htm: 0
[2015-12-03 22:21:24] EDIT weather/views/default/test.htm: 74
[2015-12-03 22:22:39] EDIT weather/views/default/test.htm: 0
[2015-12-03 22:23:20] EDIT weather/views/default/test.htm: 0
[2015-12-03 22:24:52] EDIT weather/views/default/test.htm: 0
[2015-12-03 22:25:17] EDIT weather/views/default/test.htm: 0
[2015-12-03 22:25:21] EDIT weather/views/default/test.htm: 0
[2015-12-03 22:25:45] EDIT weather/views/default/test.htm: 0
[2015-12-03 22:38:01] EDIT weather/views/default/curr.html: 3
[2015-12-03 22:39:45] EDIT weather/views/default/curr.html: 0
[2015-12-03 22:48:31] EDIT weather/views/default/curr.html: 0
[2015-12-03 22:51:34] EDIT weather/views/default/curr.html: 2
[2015-12-03 22:51:48] EDIT weather/views/default/curr.html: 0
[2015-12-03 22:52:38] EDIT weather/views/default/curr.html: 0
[2015-12-03 22:56:16] EDIT weather/views/default/curr.html: -2
[2015-12-03 22:56:34] EDIT weather/views/default/curr.html: 1
[2015-12-03 22:59:03] EDIT weather/views/default/curr.html: 0
[2015-12-03 23:00:07] EDIT weather/views/default/curr.html: -8
[2015-12-03 23:00:40] EDIT weather/views/default/curr.html: 0
[2015-12-03 23:02:58] EDIT weather/views/default/curr.html: 0
[2015-12-03 23:05:07] EDIT weather/views/default/curr.html: 0
[2015-12-03 23:06:58] EDIT weather/views/default/curr.html: 0
[2015-12-03 23:07:58] EDIT weather/views/default/curr.html: 0
[2015-12-03 23:09:34] EDIT weather/views/default/curr.html: 0
[2015-12-03 23:10:42] EDIT weather/views/default/curr.html: 1
[2015-12-03 23:10:55] EDIT weather/views/default/curr.html: -1
[2015-12-03 23:13:39] EDIT weather/views/default/curr.html: 0
[2015-12-03 23:14:21] EDIT weather/views/default/curr.html: 0
[2015-12-03 23:15:21] EDIT weather/views/default/curr.html: 0
[2015-12-03 23:17:16] EDIT weather/views/default/curr.html: 0
[2015-12-03 23:17:58] EDIT weather/views/default/curr.html: 0
[2015-12-03 23:18:31] EDIT weather/views/default/curr.html: 0
[2015-12-03 23:19:26] EDIT weather/views/default/curr.html: 0
[2015-12-03 23:20:14] EDIT weather/views/default/curr.html: 0
[2015-12-03 23:27:26] EDIT weather/views/default/curr.html: 0
[2015-12-03 23:44:49] EDIT weather/controllers/default.py: 2
[2015-12-03 23:44:56] EDIT weather/views/default/test.htm: 0
[2015-12-04 10:47:17] EDIT weather/views/default/curr.html: 1
[2015-12-04 10:48:03] EDIT weather/views/default/curr.html: 0
[2015-12-04 10:48:48] EDIT weather/views/default/curr.html: 0
[2015-12-04 10:49:01] EDIT weather/views/default/curr.html: -1
[2015-12-04 10:51:52] CREATE default/day.html: 0
[2015-12-04 10:51:59] EDIT weather/views/default/day.html: 0
[2015-12-04 10:52:03] EDIT weather/controllers/default.py: 0
[2015-12-05 09:46:01] EDIT weather/models/db2014.py: -2
[2015-12-05 09:46:24] EDIT weather/models/db2014.py: 0
[2015-12-05 10:23:08] EDIT weather/models/db2014.py: 0
[2015-12-05 10:26:47] EDIT weather/views/default/day.html: 0
[2015-12-05 10:27:00] EDIT weather/controllers/default.py: 3
[2015-12-05 10:27:34] EDIT weather/controllers/default.py: 0
[2015-12-05 10:28:06] EDIT weather/views/default/day.html: 2
[2015-12-05 10:29:37] EDIT weather/views/default/day.html: 1
[2015-12-05 10:37:14] EDIT weather/controllers/default.py: 1
[2015-12-05 10:37:26] EDIT weather/controllers/default.py: 0
[2015-12-05 10:41:43] EDIT weather/controllers/default.py: 0
[2015-12-05 10:42:03] EDIT weather/controllers/default.py: 0
[2015-12-05 10:42:13] EDIT weather/views/default/day.html: 1
[2015-12-05 10:42:52] EDIT weather/controllers/default.py: 0
[2015-12-05 10:43:56] EDIT weather/controllers/default.py: 0
[2015-12-05 10:44:20] EDIT weather/controllers/default.py: 0
[2015-12-05 10:46:30] EDIT weather/views/default/day.html: 3
[2015-12-05 10:46:51] EDIT weather/controllers/default.py: 0
[2015-12-05 10:47:07] EDIT weather/views/default/day.html: 0
[2015-12-05 10:47:48] EDIT weather/views/default/day.html: 3
[2015-12-05 10:49:18] EDIT weather/controllers/default.py: 2
[2015-12-05 10:49:34] EDIT weather/controllers/default.py: 1
[2015-12-05 10:49:42] EDIT weather/views/default/day.html: 0
[2015-12-05 10:53:27] EDIT weather/controllers/default.py: 9
[2015-12-05 10:53:40] EDIT weather/controllers/default.py: 0
[2015-12-05 10:53:43] EDIT weather/controllers/default.py: 0
[2015-12-05 10:53:52] EDIT weather/controllers/default.py: 0
[2015-12-05 10:53:58] EDIT weather/controllers/default.py: 0
[2015-12-05 10:54:09] EDIT weather/controllers/default.py: 0
[2015-12-05 10:56:33] EDIT weather/controllers/default.py: -1
[2015-12-05 10:57:09] EDIT weather/controllers/default.py: 2
[2015-12-05 10:57:22] CREATE default/dayres.html: 0
[2015-12-05 10:57:24] EDIT weather/views/default/dayres.html: 0
[2015-12-05 10:57:31] EDIT weather/controllers/default.py: 0
[2015-12-05 10:58:12] EDIT weather/views/default/day.html: -7
[2015-12-05 10:58:43] EDIT weather/controllers/default.py: -1
[2015-12-05 10:59:37] EDIT weather/controllers/default.py: 2
[2015-12-05 11:01:55] EDIT weather/controllers/default.py: 2
[2015-12-05 11:02:29] EDIT weather/controllers/default.py: 0
[2015-12-05 11:27:47] EDIT weather/controllers/default.py: 1
[2015-12-05 11:27:51] EDIT weather/controllers/default.py: 0
[2015-12-05 11:27:59] EDIT weather/controllers/default.py: 0
[2015-12-05 11:28:14] EDIT weather/controllers/default.py: 0
[2015-12-05 11:28:30] EDIT weather/views/default/dayres.html: -1
[2015-12-05 11:28:58] EDIT weather/controllers/default.py: 0
[2015-12-05 11:29:14] EDIT weather/controllers/default.py: 0
[2015-12-05 11:37:33] EDIT weather/controllers/default.py: 12
[2015-12-05 11:38:15] EDIT weather/controllers/default.py: 3
[2015-12-05 11:38:21] EDIT weather/controllers/default.py: 0
[2015-12-05 11:38:52] EDIT weather/controllers/default.py: 1
[2015-12-05 11:40:27] EDIT weather/controllers/default.py: 0
[2015-12-05 11:40:39] EDIT weather/views/default/dayres.html: 0
[2015-12-05 11:42:00] EDIT weather/controllers/default.py: 0
[2015-12-05 11:42:57] EDIT weather/controllers/default.py: 2
[2015-12-05 11:45:08] EDIT weather/controllers/default.py: 0
[2015-12-05 11:46:14] EDIT weather/controllers/default.py: 0
[2015-12-05 11:47:47] EDIT weather/views/default/dayres.html: 1
[2015-12-05 11:50:24] EDIT weather/controllers/default.py: 3
[2015-12-05 11:51:50] EDIT weather/views/default/dayres.html: -1
[2015-12-05 11:52:53] EDIT weather/controllers/default.py: 0
[2015-12-05 11:58:50] EDIT weather/controllers/default.py: 5
[2015-12-05 11:58:59] CREATE default/test.html: 0
[2015-12-05 11:59:07] EDIT weather/views/default/test.html: -1
[2015-12-05 11:59:33] EDIT weather/controllers/default.py: 0
[2015-12-05 11:59:55] EDIT weather/controllers/default.py: 1
[2015-12-05 12:00:18] EDIT weather/controllers/default.py: 0
[2015-12-05 12:02:10] EDIT weather/controllers/default.py: 0
[2015-12-05 12:02:40] EDIT weather/controllers/default.py: 0
[2015-12-05 12:03:43] EDIT weather/controllers/default.py: 0
[2015-12-05 12:03:47] EDIT weather/controllers/default.py: 0
[2015-12-05 12:05:12] EDIT weather/controllers/default.py: 0
[2015-12-05 12:06:54] EDIT weather/controllers/default.py: -7
[2015-12-05 12:10:22] EDIT weather/views/default/dayres.html: 21
[2015-12-05 12:11:11] EDIT weather/views/default/dayres.html: 0
[2015-12-05 12:11:49] EDIT weather/views/default/dayres.html: 0
[2015-12-05 12:18:57] EDIT weather/controllers/default.py: 52
[2015-12-05 12:19:03] EDIT weather/controllers/default.py: -1
[2015-12-05 12:23:27] EDIT weather/controllers/default.py: 2
[2015-12-05 12:23:33] EDIT weather/controllers/default.py: 0
[2015-12-05 12:29:10] EDIT weather/controllers/default.py: 14
[2015-12-05 12:29:15] EDIT weather/controllers/default.py: -1
[2015-12-05 12:29:26] EDIT weather/views/default/dayres.html: 0
[2015-12-05 12:29:58] EDIT weather/controllers/default.py: 0
[2015-12-05 12:34:26] EDIT weather/controllers/default.py: 27
[2015-12-05 12:34:42] EDIT weather/controllers/default.py: 0
[2015-12-05 12:34:50] EDIT weather/controllers/default.py: 0
[2015-12-05 12:35:13] EDIT weather/controllers/default.py: 0
[2015-12-05 12:35:22] EDIT weather/views/default/dayres.html: 0
[2015-12-05 12:36:16] EDIT weather/controllers/default.py: 0
[2015-12-05 12:36:29] EDIT weather/views/default/dayres.html: 0
[2015-12-05 12:37:13] EDIT weather/controllers/default.py: 0
[2015-12-05 12:37:27] EDIT weather/controllers/default.py: 0
[2015-12-05 12:40:58] EDIT weather/controllers/default.py: -2
[2015-12-05 12:41:31] EDIT weather/controllers/default.py: 0
[2015-12-05 12:41:37] EDIT weather/views/default/dayres.html: 0
[2015-12-05 12:41:39] EDIT weather/views/default/day.html: 0
[2015-12-05 17:12:59] EDIT weather/controllers/default.py: -3
[2015-12-05 17:13:18] EDIT weather/controllers/default.py: 0
[2015-12-05 17:13:32] EDIT weather/views/default/day.html: -4
[2015-12-05 17:17:26] EDIT weather/controllers/default.py: 0
[2015-12-05 17:44:49] EDIT weather/views/default/dayres.html: 13
[2015-12-05 17:46:44] EDIT weather/views/default/dayres.html: 2
[2015-12-05 17:49:40] EDIT weather/controllers/default.py: 2
[2015-12-05 17:52:16] EDIT weather/views/default/dayres.html: 0
[2015-12-05 17:52:38] EDIT weather/controllers/default.py: 0
[2015-12-05 17:53:01] EDIT weather/controllers/default.py: 0
[2015-12-05 17:55:05] EDIT weather/views/default/dayres.html: 15
[2015-12-05 17:56:48] EDIT weather/views/default/dayres.html: -1
[2015-12-05 17:57:15] EDIT weather/views/default/dayres.html: -12
[2015-12-05 17:58:00] EDIT weather/views/default/dayres.html: 13
[2015-12-05 17:58:26] EDIT weather/views/default/dayres.html: 0
[2015-12-05 17:58:55] EDIT weather/controllers/default.py: 0
[2015-12-05 17:59:20] EDIT weather/controllers/default.py: 0
[2015-12-05 17:59:59] EDIT weather/controllers/default.py: -2
[2015-12-05 18:26:46] EDIT weather/controllers/default.py: -1
[2015-12-05 18:27:06] EDIT weather/controllers/default.py: 0
[2015-12-05 18:27:16] EDIT weather/controllers/default.py: 0
[2015-12-05 18:28:14] EDIT weather/controllers/default.py: 1
[2015-12-05 18:30:06] EDIT weather/views/default/dayres.html: 15
[2015-12-05 18:30:34] EDIT weather/controllers/default.py: 0
[2015-12-05 18:31:15] EDIT weather/views/default/dayres.html: 0
[2015-12-05 18:31:35] EDIT weather/views/default/dayres.html: -12
[2015-12-05 18:33:42] EDIT weather/views/default/dayres.html: 12
[2015-12-05 18:33:47] EDIT weather/views/default/dayres.html: 0
[2015-12-05 18:34:12] EDIT weather/views/default/dayres.html: 0
[2015-12-05 18:34:23] EDIT weather/views/default/dayres.html: 0
[2015-12-05 18:34:34] EDIT weather/views/default/dayres.html: -2
[2015-12-05 18:34:46] EDIT weather/views/default/dayres.html: -1
[2015-12-05 18:35:23] EDIT weather/views/default/dayres.html: -12
[2015-12-05 18:35:24] EDIT weather/views/default/dayres.html: 0
[2015-12-05 18:35:24] EDIT weather/views/default/dayres.html: 0
[2015-12-05 18:35:24] EDIT weather/views/default/dayres.html: 0
[2015-12-05 18:36:30] EDIT weather/views/default/dayres.html: 1
[2015-12-05 18:36:42] EDIT weather/views/default/dayres.html: 0
[2015-12-05 18:37:34] EDIT weather/views/default/dayres.html: 2
[2015-12-05 18:38:17] EDIT weather/views/default/dayres.html: 9
[2015-12-05 18:38:20] EDIT weather/views/default/dayres.html: 0
[2015-12-05 18:39:04] EDIT weather/views/default/dayres.html: 2
[2015-12-05 18:39:27] EDIT weather/views/default/dayres.html: 1
[2015-12-05 18:39:52] EDIT weather/views/default/dayres.html: 0
[2015-12-05 18:40:33] EDIT weather/controllers/default.py: 1
[2015-12-05 18:40:51] EDIT weather/views/default/dayres.html: 0
[2015-12-05 18:41:10] EDIT weather/views/default/dayres.html: 1
[2015-12-05 18:42:05] EDIT weather/views/default/dayres.html: 1
[2015-12-05 18:42:26] EDIT weather/views/default/dayres.html: 0
[2015-12-05 18:42:32] EDIT weather/views/default/dayres.html: 0
[2015-12-05 18:44:11] EDIT weather/controllers/default.py: 6
[2015-12-05 18:44:24] EDIT weather/controllers/default.py: -1
[2015-12-05 18:44:42] EDIT weather/views/default/dayres.html: -2
[2015-12-05 18:56:45] EDIT weather/controllers/default.py: 40
[2015-12-05 18:56:55] EDIT weather/controllers/default.py: 0
[2015-12-05 18:57:26] EDIT weather/controllers/default.py: 0
[2015-12-05 18:57:55] EDIT weather/views/default/dayres.html: 1
[2015-12-05 18:58:25] EDIT weather/controllers/default.py: 1
[2015-12-05 18:59:25] EDIT weather/controllers/default.py: 1
[2015-12-05 18:59:30] EDIT weather/controllers/default.py: 0
[2015-12-05 18:59:54] EDIT weather/controllers/default.py: 0
[2015-12-05 18:59:54] EDIT weather/controllers/default.py: 0
[2015-12-05 19:00:17] EDIT weather/controllers/default.py: 1
[2015-12-05 19:01:17] EDIT weather/controllers/default.py: 0
[2015-12-05 19:02:18] EDIT weather/controllers/default.py: 0
[2015-12-05 19:02:30] EDIT weather/controllers/default.py: 0
[2015-12-05 19:03:56] EDIT weather/controllers/default.py: 0
[2015-12-05 19:06:41] EDIT weather/controllers/default.py: 1
[2015-12-05 19:07:10] EDIT weather/controllers/default.py: 0
[2015-12-05 19:08:04] EDIT weather/controllers/default.py: 1
[2015-12-05 19:08:48] EDIT weather/controllers/default.py: 0
[2015-12-05 19:09:16] EDIT weather/controllers/default.py: 0
[2015-12-05 19:10:18] EDIT weather/controllers/default.py: -1
[2015-12-05 19:10:42] EDIT weather/controllers/default.py: -1
[2015-12-05 19:14:47] EDIT weather/controllers/default.py: -1
[2015-12-05 19:20:20] EDIT weather/controllers/default.py: 1
[2015-12-05 19:20:57] EDIT weather/controllers/default.py: 0
[2015-12-05 19:21:34] EDIT weather/controllers/default.py: 0
[2015-12-05 19:25:17] EDIT weather/controllers/default.py: 2
[2015-12-05 19:25:59] EDIT weather/controllers/default.py: 0
[2015-12-05 19:26:15] EDIT weather/controllers/default.py: 0
[2015-12-05 19:27:21] EDIT weather/controllers/default.py: 3
[2015-12-05 19:28:23] EDIT weather/controllers/default.py: 0
[2015-12-05 19:28:24] EDIT weather/controllers/default.py: 0
[2015-12-05 19:28:24] EDIT weather/controllers/default.py: 0
[2015-12-05 19:28:32] EDIT weather/controllers/default.py: 0
[2015-12-05 19:28:56] EDIT weather/controllers/default.py: 0
[2015-12-05 19:29:28] EDIT weather/controllers/default.py: 0
[2015-12-05 19:29:38] EDIT weather/controllers/default.py: 0
[2015-12-05 19:30:00] EDIT weather/controllers/default.py: 0
[2015-12-05 19:30:49] EDIT weather/controllers/default.py: 1
[2015-12-05 19:31:03] EDIT weather/controllers/default.py: 1
[2015-12-05 19:31:46] EDIT weather/controllers/default.py: 0
[2015-12-05 19:33:59] EDIT weather/controllers/default.py: 0
[2015-12-05 19:34:20] EDIT weather/controllers/default.py: -2
[2015-12-05 19:34:45] EDIT weather/controllers/default.py: 1
[2015-12-05 19:35:30] EDIT weather/controllers/default.py: 0
[2015-12-05 19:35:53] EDIT weather/controllers/default.py: -1
[2015-12-05 19:36:11] EDIT weather/controllers/default.py: -1
[2015-12-05 19:36:40] EDIT weather/controllers/default.py: 0
[2015-12-05 19:36:56] EDIT weather/controllers/default.py: 0
[2015-12-05 19:38:03] EDIT weather/controllers/default.py: 0
[2015-12-05 19:38:36] EDIT weather/controllers/default.py: 0
[2015-12-05 19:39:43] EDIT weather/controllers/default.py: -1
[2015-12-05 19:39:52] EDIT weather/controllers/default.py: 0
[2015-12-05 19:41:07] EDIT weather/views/default/dayres.html: 15
[2015-12-05 19:41:34] EDIT weather/controllers/default.py: 0
[2015-12-05 19:42:32] EDIT weather/controllers/default.py: 0
[2015-12-05 21:39:27] EDIT weather/views/default/dayres.html: -1
[2015-12-05 21:41:25] EDIT weather/views/default/dayres.html: 0
[2015-12-05 21:47:17] EDIT weather/controllers/default.py: 3
[2015-12-05 21:50:31] EDIT weather/controllers/default.py: 0
[2015-12-05 21:54:41] EDIT weather/controllers/default.py: 0
[2015-12-05 21:55:09] CREATE default/month.html: 0
[2015-12-05 21:55:20] EDIT weather/views/default/month.html: -1
[2015-12-05 21:56:32] EDIT weather/controllers/default.py: 2
[2015-12-05 22:01:36] EDIT weather/controllers/default.py: 6
[2015-12-05 22:02:43] EDIT weather/controllers/default.py: 0
[2015-12-05 22:02:58] EDIT weather/controllers/default.py: 0
[2015-12-05 22:09:01] EDIT weather/controllers/default.py: 1
[2015-12-05 22:09:20] EDIT weather/controllers/default.py: 0
[2015-12-05 22:09:35] EDIT weather/controllers/default.py: 0
[2015-12-05 22:15:30] EDIT weather/controllers/default.py: 0
[2015-12-05 22:16:13] EDIT weather/controllers/default.py: 0
[2015-12-05 22:17:01] EDIT weather/controllers/default.py: 0
[2015-12-05 22:18:45] EDIT weather/controllers/default.py: 1
[2015-12-05 22:20:15] EDIT weather/controllers/default.py: 0
[2015-12-05 22:20:29] EDIT weather/controllers/default.py: 0
[2015-12-05 22:20:35] EDIT weather/controllers/default.py: 0
[2015-12-05 22:21:46] EDIT weather/controllers/default.py: 3
[2015-12-05 22:22:16] EDIT weather/controllers/default.py: 0
[2015-12-05 22:24:31] EDIT weather/controllers/default.py: 0
[2015-12-05 22:24:59] EDIT weather/controllers/default.py: 0
[2015-12-05 22:25:24] EDIT weather/controllers/default.py: 0
[2015-12-05 22:26:58] EDIT weather/controllers/default.py: 0
[2015-12-05 22:38:15] EDIT weather/controllers/default.py: 2
[2015-12-05 22:38:24] EDIT weather/controllers/default.py: 0
[2015-12-05 22:38:42] EDIT weather/controllers/default.py: 0
[2015-12-05 22:41:25] EDIT weather/controllers/default.py: 1
[2015-12-05 22:42:06] EDIT weather/controllers/default.py: 0
[2015-12-05 22:46:01] EDIT weather/controllers/default.py: 1
[2015-12-05 22:46:25] EDIT weather/controllers/default.py: 0
[2015-12-05 22:48:47] EDIT weather/controllers/default.py: 1
[2015-12-05 22:49:11] EDIT weather/controllers/default.py: 0
[2015-12-05 22:49:50] EDIT weather/controllers/default.py: 0
[2015-12-05 22:56:39] EDIT weather/controllers/default.py: 5
[2015-12-05 22:56:45] EDIT weather/controllers/default.py: 0
[2015-12-05 22:57:08] EDIT weather/controllers/default.py: 0
[2015-12-05 22:57:17] EDIT weather/controllers/default.py: 0
[2015-12-05 23:00:33] EDIT weather/controllers/default.py: 0
[2015-12-05 23:02:50] EDIT weather/controllers/default.py: 0
[2015-12-05 23:02:51] EDIT weather/controllers/default.py: 0
[2015-12-05 23:02:51] EDIT weather/controllers/default.py: 0
[2015-12-05 23:02:51] EDIT weather/controllers/default.py: 0
[2015-12-05 23:02:51] EDIT weather/controllers/default.py: 0
[2015-12-05 23:02:52] EDIT weather/controllers/default.py: 0
[2015-12-05 23:02:55] EDIT weather/controllers/default.py: 0
[2015-12-05 23:02:55] EDIT weather/controllers/default.py: 0
[2015-12-05 23:03:17] EDIT weather/controllers/default.py: 0
[2015-12-05 23:04:40] EDIT weather/controllers/default.py: 0
[2015-12-05 23:06:19] EDIT weather/controllers/default.py: -3
[2015-12-05 23:06:37] EDIT weather/controllers/default.py: 1
[2015-12-05 23:07:47] EDIT weather/controllers/default.py: 1
[2015-12-05 23:08:10] EDIT weather/controllers/default.py: 0
[2015-12-05 23:08:51] EDIT weather/controllers/default.py: 2
[2015-12-05 23:09:01] EDIT weather/controllers/default.py: 0
[2015-12-05 23:09:19] EDIT weather/controllers/default.py: 0
[2015-12-05 23:09:20] EDIT weather/controllers/default.py: 0
[2015-12-05 23:09:20] EDIT weather/controllers/default.py: 0
[2015-12-05 23:09:20] EDIT weather/controllers/default.py: 0
[2015-12-05 23:09:20] EDIT weather/controllers/default.py: 0
[2015-12-05 23:09:48] EDIT weather/controllers/default.py: 0
[2015-12-05 23:10:09] EDIT weather/controllers/default.py: 1
[2015-12-05 23:10:16] CREATE default/monthres.html: 0
[2015-12-05 23:10:24] EDIT weather/views/default/monthres.html: -1
[2015-12-05 23:10:40] EDIT weather/controllers/default.py: 0
[2015-12-05 23:15:30] EDIT weather/controllers/default.py: 6
[2015-12-05 23:16:54] EDIT weather/controllers/default.py: 0
[2015-12-05 23:19:20] EDIT weather/controllers/default.py: 0
[2015-12-05 23:21:27] EDIT weather/controllers/default.py: 3
[2015-12-05 23:22:51] EDIT weather/controllers/default.py: 2
[2015-12-05 23:41:56] EDIT weather/controllers/default.py: 1
[2015-12-05 23:42:11] EDIT weather/controllers/default.py: 0
[2015-12-05 23:43:12] EDIT weather/controllers/default.py: -2
[2015-12-05 23:47:14] EDIT weather/views/default/monthres.html: 22
[2015-12-05 23:50:16] EDIT weather/controllers/default.py: 0
[2015-12-05 23:53:10] EDIT weather/controllers/default.py: 0
[2015-12-05 23:53:26] EDIT weather/views/default/monthres.html: 0
[2015-12-05 23:53:33] EDIT weather/views/default/monthres.html: 0
[2015-12-05 23:53:47] EDIT weather/controllers/default.py: 0
[2015-12-05 23:54:27] EDIT weather/views/default/monthres.html: 0
[2015-12-05 23:54:46] EDIT weather/views/default/monthres.html: 0
[2015-12-05 23:54:58] EDIT weather/controllers/default.py: 0
[2015-12-05 23:55:12] EDIT weather/controllers/default.py: 0
[2015-12-05 23:56:13] EDIT weather/views/default/monthres.html: 0
[2015-12-05 23:56:43] EDIT weather/views/default/monthres.html: 0
[2015-12-06 00:02:26] EDIT weather/controllers/default.py: 2
[2015-12-06 00:04:08] EDIT weather/controllers/default.py: 0
[2015-12-06 00:06:18] EDIT weather/views/default/monthres.html: 0
[2015-12-06 00:10:18] EDIT weather/views/default/dayres.html: 0
[2015-12-06 00:10:20] EDIT weather/controllers/default.py: -1
[2015-12-06 00:10:21] EDIT weather/views/default/monthres.html: 0
[2015-12-08 14:40:13] EDIT weather/controllers/default.py: -4
[2015-12-08 14:40:40] EDIT weather/controllers/default.py: 0
[2015-12-08 14:41:17] EDIT weather/controllers/default.py: 0
[2015-12-08 14:43:00] EDIT weather/controllers/default.py: 0
[2015-12-08 14:46:42] EDIT weather/controllers/default.py: 0
[2015-12-08 14:48:09] EDIT weather/controllers/default.py: 0
[2015-12-08 14:48:12] EDIT weather/controllers/default.py: 0
[2015-12-08 14:49:03] EDIT weather/controllers/default.py: 5
[2015-12-08 14:49:34] EDIT weather/controllers/default.py: 0
[2015-12-08 14:49:37] EDIT weather/controllers/default.py: 0
[2015-12-08 14:50:00] EDIT weather/controllers/default.py: 0
[2015-12-08 14:50:15] EDIT weather/controllers/default.py: 0
[2015-12-08 14:50:51] EDIT weather/views/default/monthres.html: -1
[2015-12-08 14:51:59] EDIT weather/controllers/default.py: 1
[2015-12-08 14:54:29] EDIT weather/controllers/default.py: 0
[2015-12-08 14:56:40] EDIT weather/views/default/monthres.html: 61
[2015-12-08 14:58:46] EDIT weather/controllers/default.py: 1
[2015-12-08 14:59:01] EDIT weather/controllers/default.py: 0
[2015-12-08 14:59:52] EDIT weather/views/default/monthres.html: 0
[2015-12-08 15:00:31] EDIT weather/views/default/monthres.html: -82
[2015-12-08 15:01:10] EDIT weather/controllers/default.py: -2
[2015-12-08 15:02:01] EDIT weather/controllers/default.py: 0
[2015-12-08 15:02:55] EDIT weather/controllers/default.py: 0
[2015-12-08 15:03:16] EDIT weather/controllers/default.py: 0
[2015-12-08 15:03:39] EDIT weather/views/default/monthres.html: 81
[2015-12-08 15:04:43] EDIT weather/views/default/monthres.html: 0
[2015-12-08 15:05:30] EDIT weather/views/default/monthres.html: 0
[2015-12-08 15:05:32] EDIT weather/controllers/default.py: 0
[2015-12-08 15:33:33] EDIT weather/controllers/default.py: 48
[2015-12-08 15:33:36] EDIT weather/controllers/default.py: 0
[2015-12-08 15:33:49] EDIT weather/controllers/default.py: 0
[2015-12-08 15:33:54] EDIT weather/controllers/default.py: 0
[2015-12-08 15:34:20] EDIT weather/views/default/monthres.html: -80
[2015-12-08 15:35:19] EDIT weather/views/default/monthres.html: 80
[2015-12-08 15:35:35] EDIT weather/controllers/default.py: 0
[2015-12-08 23:37:01] EDIT weather/controllers/default.py: 64
[2015-12-08 23:37:06] EDIT weather/controllers/default.py: 0
[2015-12-08 23:37:09] EDIT weather/controllers/default.py: 0
[2015-12-08 23:37:11] EDIT weather/controllers/default.py: 0
[2015-12-08 23:37:14] EDIT weather/controllers/default.py: 0
[2015-12-08 23:37:16] EDIT weather/controllers/default.py: 0
[2015-12-08 23:37:18] EDIT weather/controllers/default.py: 0
[2015-12-08 23:37:20] EDIT weather/controllers/default.py: 0
[2015-12-08 23:37:22] EDIT weather/controllers/default.py: 0
[2015-12-09 00:17:44] EDIT weather/controllers/default.py: 4
[2015-12-09 00:29:22] EDIT weather/controllers/default.py: 2
[2015-12-09 00:29:42] EDIT weather/views/default/monthres.html: -77
[2015-12-09 00:31:25] EDIT weather/controllers/default.py: 0
[2015-12-09 00:31:28] EDIT weather/views/default/month.html: 0
[2015-12-09 00:31:48] EDIT weather/views/default/monthres.html: 82
[2015-12-09 00:42:17] EDIT weather/views/default/monthres.html: 0
[2015-12-09 01:02:10] EDIT weather/views/default/monthres.html: -5
[2015-12-09 01:02:55] EDIT weather/views/default/monthres.html: 0
[2015-12-09 01:04:51] EDIT weather/views/default/monthres.html: 0
[2015-12-09 01:08:56] EDIT weather/controllers/default.py: 0
[2015-12-09 01:10:02] EDIT weather/controllers/default.py: 0
[2015-12-09 01:12:24] EDIT weather/views/default/monthres.html: -74
[2015-12-09 01:15:26] EDIT weather/controllers/default.py: 0
[2015-12-09 01:16:09] EDIT weather/views/default/monthres.html: 74
[2015-12-09 01:17:13] EDIT weather/views/default/dayres.html: 10
[2015-12-09 01:17:41] EDIT weather/views/default/monthres.html: -74
[2015-12-09 01:18:24] EDIT weather/views/default/monthres.html: 1
[2015-12-09 01:21:50] EDIT weather/views/default/monthres.html: 83
[2015-12-09 01:23:47] EDIT weather/views/default/monthres.html: 1
[2015-12-09 01:27:45] EDIT weather/views/default/monthres.html: 0
[2015-12-09 01:30:56] EDIT weather/views/default/monthres.html: 0
[2015-12-09 01:31:51] EDIT weather/views/default/monthres.html: 0
[2015-12-09 01:32:47] EDIT weather/views/default/monthres.html: 0
[2015-12-09 01:33:48] EDIT weather/views/default/monthres.html: 0
[2015-12-09 01:35:45] EDIT weather/views/default/monthres.html: 0
[2015-12-09 01:43:20] EDIT weather/controllers/default.py: 0
[2015-12-09 01:45:16] EDIT weather/controllers/default.py: 0
[2015-12-09 01:45:23] EDIT weather/controllers/default.py: 0
[2015-12-09 01:46:11] EDIT weather/controllers/default.py: 0
[2015-12-09 01:50:29] EDIT weather/controllers/default.py: 0
[2015-12-09 12:33:59] EDIT weather/views/default/monthres.html: -1
[2015-12-09 12:34:57] EDIT weather/views/default/test.html: 82
[2015-12-09 12:35:52] EDIT weather/views/default/test.html: 0
[2015-12-09 12:37:38] EDIT weather/views/default/test.html: 1
[2015-12-09 12:38:42] EDIT weather/views/default/test.html: 0
[2015-12-09 12:40:47] EDIT weather/views/default/test.html: 0
[2015-12-09 12:41:20] EDIT weather/views/default/test.html: -6
[2015-12-09 12:41:54] EDIT weather/views/default/test.html: 6
[2015-12-09 12:54:09] EDIT weather/controllers/default.py: 0
[2015-12-09 12:54:39] EDIT weather/views/default/monthres.html: -9
[2015-12-09 12:55:13] EDIT weather/views/default/dayres.html: -9
[2015-12-09 12:57:04] EDIT weather/models/menu.py: 0
[2015-12-09 12:58:12] EDIT weather/models/menu.py: 0
[2015-12-09 12:59:52] EDIT weather/models/menu.py: 0
[2015-12-09 13:02:47] EDIT weather/views/default/index.html: -11
[2015-12-09 13:04:30] EDIT weather/views/default/index.html: 6
[2015-12-09 13:04:51] EDIT weather/views/default/index.html: 0
[2015-12-09 13:05:20] EDIT weather/views/default/index.html: 84
[2015-12-09 13:06:05] EDIT weather/views/default/index.html: -3
[2015-12-09 13:06:46] EDIT weather/views/default/index.html: -1
[2015-12-09 13:08:45] EDIT weather/controllers/default.py: 0
[2015-12-09 13:11:32] EDIT weather/controllers/default.py: 0
[2015-12-09 13:16:38] EDIT weather/views/default/monthres.html: 1
[2015-12-09 13:18:32] EDIT weather/controllers/default.py: 0
[2015-12-09 13:20:23] EDIT weather/controllers/default.py: 0
[2015-12-09 13:22:21] EDIT weather/controllers/default.py: 0
[2015-12-09 13:22:50] EDIT weather/controllers/default.py: 0
[2015-12-09 17:20:20] EDIT weather/views/default/test.html: 39
[2015-12-09 17:22:11] EDIT weather/controllers/default.py: 0
[2015-12-09 17:22:44] EDIT weather/controllers/default.py: 0
[2015-12-09 17:23:05] EDIT weather/controllers/default.py: 0
[2015-12-09 17:27:48] EDIT weather/controllers/default.py: 0
[2015-12-09 17:28:45] EDIT weather/controllers/default.py: 0
[2015-12-09 17:31:06] EDIT weather/controllers/default.py: 0
[2015-12-15 05:32:48] EDIT weather/views/default/curr.html: 37
[2015-12-15 05:32:56] EDIT weather/views/default/index.html: 0
[2015-12-15 05:33:09] EDIT weather/views/default/index.html: 0
[2015-12-15 05:33:50] EDIT weather/views/default/curr.html: 0
[2015-12-15 05:35:46] EDIT weather/views/default/curr.html: 1
[2015-12-15 05:36:09] EDIT weather/views/default/curr.html: 0
[2015-12-15 05:37:11] EDIT weather/views/default/day.html: 38
[2015-12-15 05:39:00] EDIT weather/views/default/day.html: 1
[2015-12-15 05:40:32] EDIT weather/models/menu.py: -94
[2015-12-15 05:40:49] EDIT weather/models/menu.py: -3
[2015-12-15 05:41:03] EDIT weather/models/menu.py: -3
[2015-12-15 05:41:27] EDIT weather/models/menu.py: -2
[2015-12-15 05:41:49] EDIT weather/models/menu.py: -1
[2015-12-15 05:44:18] EDIT weather/views/default/day.html: 3
[2015-12-15 05:47:08] EDIT weather/controllers/default.py: 2
[2015-12-15 05:50:06] EDIT weather/views/layout.html: 0
[2015-12-15 05:51:00] EDIT weather/views/layout.html: 0
[2015-12-15 05:51:23] EDIT weather/views/layout.html: 0
[2015-12-15 05:51:41] EDIT weather/views/layout.html: -2
[2015-12-15 05:51:54] EDIT weather/views/layout.html: -1
[2015-12-15 05:53:40] EDIT weather/views/layout.html: 21
[2015-12-15 05:54:30] EDIT weather/views/layout.html: 0
[2015-12-15 06:21:02] EDIT weather/views/layout.html: 0
[2015-12-15 06:21:10] EDIT weather/views/layout.html: -4
[2015-12-15 06:22:06] EDIT weather/views/default/day.html: 5
[2015-12-15 06:23:23] EDIT weather/views/default/day.html: -42
[2015-12-15 06:25:43] EDIT weather/views/default/day.html: 3
[2015-12-15 06:26:17] EDIT weather/views/default/day.html: 1
[2015-12-15 06:26:34] EDIT weather/views/default/day.html: 0
[2015-12-15 06:27:57] EDIT weather/views/default/day.html: 3
[2015-12-15 06:28:51] EDIT weather/views/default/month.html: 12
[2015-12-15 06:30:03] EDIT weather/views/default/dayres.html: 12
[2015-12-15 06:30:27] EDIT weather/views/default/dayres.html: 0
[2015-12-15 06:30:43] EDIT weather/views/default/monthres.html: 11
[2015-12-15 06:31:48] EDIT weather/views/default/curr.html: -25
[2015-12-15 06:32:32] EDIT weather/views/default/index.html: -25
[2015-12-15 06:32:48] EDIT weather/controllers/default.py: -1
[2015-12-15 06:38:26] EDIT weather/views/default/month.html: 8
[2015-12-15 06:38:43] EDIT weather/views/default/month.html: 1
[2015-12-15 06:39:02] EDIT weather/views/default/month.html: 0
[2015-12-28 13:16:31] EDIT weather/models/db2014.py: 0
[2015-12-28 13:17:53] EDIT weather/models/db2014.py: 0
[2015-12-28 14:02:39] EDIT weather/controllers/default.py: 0
[2015-12-28 14:05:15] EDIT weather/controllers/default.py: 0
[2015-12-28 14:05:32] EDIT weather/controllers/default.py: 0
[2015-12-28 14:05:50] EDIT weather/controllers/default.py: 0
[2016-01-01 07:51:05] EDIT weather/models/db2014.py: 0
[2016-01-01 07:51:18] EDIT weather/models/db2014.py: 0
[2016-01-01 07:51:19] EDIT weather/models/db2014.py: 0
[2016-01-01 07:52:54] EDIT weather/controllers/default.py: 0
[2016-01-01 07:58:35] CREATE db2015.py: 0
[2016-01-01 07:58:49] EDIT weather/models/db2015.py: 8
[2016-01-01 08:31:40] EDIT weather/controllers/default.py: 24
[2016-01-01 08:40:10] EDIT weather/controllers/default.py: 0
[2016-01-01 09:09:41] CREATE default/year.html: 0
[2016-01-01 09:09:57] EDIT weather/views/default/year.html: 20
[2016-01-01 09:10:25] EDIT weather/controllers/default.py: 165
[2016-01-01 09:10:38] EDIT weather/controllers/default.py: 0
[2016-01-01 09:10:56] EDIT weather/controllers/default.py: 0
[2016-01-01 09:11:36] CREATE default/yearres.html: 0
[2016-01-01 09:11:59] EDIT weather/views/default/yearres.html: 93
[2016-01-01 09:14:16] EDIT weather/controllers/default.py: 0
[2016-01-01 09:14:26] EDIT weather/controllers/default.py: 0
[2016-01-01 09:33:52] EDIT weather/controllers/default.py: 0
[2016-01-01 09:34:25] EDIT weather/controllers/default.py: 1
[2016-01-01 10:26:38] EDIT weather/models/menu.py: 103
[2016-01-01 10:27:16] EDIT weather/views/layout.html: -14
[2016-01-01 10:43:32] EDIT weather/controllers/default.py: 0
[2016-01-01 11:35:31] EDIT weather/controllers/default.py: 0
[2016-01-01 11:36:45] EDIT weather/controllers/default.py: 0
[2016-01-02 05:51:16] EDIT weather/views/default/index.html: 160
[2016-01-02 05:54:24] DELETE weather/static/css/bootstrap.min.css: -5
[2016-01-02 05:55:09] UPLOAD /home/chrizandr/web2py/applications/weather/static/css/creative.css: 403
[2016-01-02 05:56:05] UPLOAD /home/chrizandr/web2py/applications/weather/static/css/animate.min.css: 5
[2016-01-02 05:56:36] UPLOAD /home/chrizandr/web2py/applications/weather/static/bootstrap.min.css: 6
[2016-01-02 05:56:55] UPLOAD /home/chrizandr/web2py/applications/weather/static/css/bootstrap.css: 6753
[2016-01-02 05:57:16] DELETE weather/static/css/bootstrap.min.css.bak: -5
[2016-01-02 05:57:34] UPLOAD /home/chrizandr/web2py/applications/weather/static/css/bootstrap.min.css: 6
[2016-01-02 06:00:45] UPLOAD /home/chrizandr/web2py/applications/weather/static/js/wow.min.js: 2
[2016-01-02 06:01:06] UPLOAD /home/chrizandr/web2py/applications/weather/static/js/jquery.fittext.js: 32
[2016-01-02 06:01:24] UPLOAD /home/chrizandr/web2py/applications/weather/static/js/creative.js: 40
[2016-01-02 06:01:39] UPLOAD /home/chrizandr/web2py/applications/weather/static/js/classie.js: 69
[2016-01-02 06:01:55] UPLOAD /home/chrizandr/web2py/applications/weather/static/js/cbpAnimatedHeader.js: 38
[2016-01-02 06:02:59] UPLOAD /home/chrizandr/web2py/applications/weather/static/js/jquery.easing.min.js: 44
[2016-01-02 06:03:15] UPLOAD /home/chrizandr/web2py/applications/weather/static/js/bootstrap.js: 1781
[2016-01-02 06:03:57] UPLOAD /home/chrizandr/web2py/applications/weather/static/less/variables.less: 3
[2016-01-02 06:04:08] UPLOAD /home/chrizandr/web2py/applications/weather/static/less/mixins.less: 56
[2016-01-02 06:04:26] UPLOAD /home/chrizandr/web2py/applications/weather/static/less/creative.less: 315
[2016-01-02 06:10:09] UPLOAD /home/chrizandr/web2py/applications/weather/static/font_awesome/css/font_awesome.min.css: 4
[2016-01-02 06:10:33] UPLOAD /home/chrizandr/web2py/applications/weather/static/font_awesome/css/font_awesome.css: 1801
[2016-01-02 06:11:02] UPLOAD /home/chrizandr/web2py/applications/weather/static/font_awesome/scss/_variables.scss: 603
[2016-01-02 06:11:28] UPLOAD /home/chrizandr/web2py/applications/weather/modules/font_awesome/scss/_stacked.scss.py: 19
[2016-01-02 06:11:55] UPLOAD /home/chrizandr/web2py/applications/weather/static/font_awesome/scss/_stacked.scss: 19
[2016-01-02 06:12:10] UPLOAD /home/chrizandr/web2py/applications/weather/static/font_awesome/scss/_rotated_flipped.scss: 16
[2016-01-02 06:12:23] UPLOAD /home/chrizandr/web2py/applications/weather/static/font_awesome/scss/_path.scss: 14
[2016-01-02 06:12:36] UPLOAD /home/chrizandr/web2py/applications/weather/static/font_awesome/scss/_mixins.scss: 23
[2016-01-02 06:12:49] UPLOAD /home/chrizandr/web2py/applications/weather/static/font_awesome/scss/_list.scss: 18
[2016-01-02 06:13:05] UPLOAD /home/chrizandr/web2py/applications/weather/static/font_awesome/scss/_larger.scss: 12
[2016-01-02 06:13:18] UPLOAD /home/chrizandr/web2py/applications/weather/static/font_awesome/scss/_icons.scss: 595
[2016-01-02 06:13:32] UPLOAD /home/chrizandr/web2py/applications/weather/static/font_awesome/scss/font_awesome.scss: 16
[2016-01-02 06:13:44] UPLOAD /home/chrizandr/web2py/applications/weather/static/font_awesome/scss/_fixed_width.scss: 6
[2016-01-02 06:13:55] UPLOAD /home/chrizandr/web2py/applications/weather/static/font_awesome/scss/_core.scss: 11
[2016-01-02 06:14:08] UPLOAD /home/chrizandr/web2py/applications/weather/static/font_awesome/scss/_bordered_pulled.scss: 13
[2016-01-02 06:14:29] UPLOAD /home/chrizandr/web2py/applications/weather/static/font_awesome/scss/_animated.scss: 30
[2016-01-02 06:15:31] UPLOAD /home/chrizandr/web2py/applications/weather/static/font_awesome/fonts/fontawesome_webfont.woff2: 203
[2016-01-02 06:15:45] UPLOAD /home/chrizandr/web2py/applications/weather/static/font_awesome/fonts/fontawesome_webfont.woff: 267
[2016-01-02 06:15:59] UPLOAD /home/chrizandr/web2py/applications/weather/static/font_awesome/fonts/fontawesome_webfont.ttf: 974
[2016-01-02 06:16:21] UPLOAD /home/chrizandr/web2py/applications/weather/static/font_awesome/fonts/fontawesome_webfont.svg: 565
[2016-01-02 06:16:35] UPLOAD /home/chrizandr/web2py/applications/weather/static/font_awesome/fonts/fontawesome_webfont.eot: 281
[2016-01-02 06:16:55] UPLOAD /home/chrizandr/web2py/applications/weather/static/font_awesome/fonts/FontAwesome.otf: 1770
[2016-01-02 06:19:46] UPLOAD /home/chrizandr/web2py/applications/weather/static/font_awesome/less/variables.less: 603
[2016-01-02 06:20:02] UPLOAD /home/chrizandr/web2py/applications/weather/static/font_awesome/less/stacked.less: 19
[2016-01-02 06:20:18] UPLOAD /home/chrizandr/web2py/applications/weather/static/font_awesome/less/rotated_flipped.less: 16
[2016-01-02 06:20:31] UPLOAD /home/chrizandr/web2py/applications/weather/static/font_awesome/less/path.less: 14
[2016-01-02 06:20:46] UPLOAD /home/chrizandr/web2py/applications/weather/static/font_awesome/less/mixins.less: 23
[2016-01-02 06:21:00] UPLOAD /home/chrizandr/web2py/applications/weather/static/font_awesome/less/list.less: 18
[2016-01-02 06:21:15] UPLOAD /home/chrizandr/web2py/applications/weather/static/font_awesome/less/larger.less: 12
[2016-01-02 06:21:31] UPLOAD /home/chrizandr/web2py/applications/weather/static/font_awesome/less/icons.less: 595
[2016-01-02 06:21:47] UPLOAD /home/chrizandr/web2py/applications/weather/static/font_awesome/less/font_awesome.less: 16
[2016-01-02 06:22:08] UPLOAD /home/chrizandr/web2py/applications/weather/static/font_awesome/less/fixed_width.less: 6
[2016-01-02 06:22:21] UPLOAD /home/chrizandr/web2py/applications/weather/static/font_awesome/less/core.less: 11
[2016-01-02 06:22:40] UPLOAD /home/chrizandr/web2py/applications/weather/static/font_awesome/less/bordered_pulled.less: 13
[2016-01-02 06:22:56] UPLOAD /home/chrizandr/web2py/applications/weather/static/font_awesome/less/animated.less: 30
[2016-01-02 06:27:14] EDIT weather/views/default/index.html: 0
[2016-01-02 06:30:27] EDIT weather/views/default/index.html: 0
[2016-01-02 06:32:08] EDIT weather/views/default/index.html: 0
[2016-01-02 06:34:47] EDIT weather/views/default/index.html: 0
[2016-01-02 06:40:10] EDIT weather/views/default/index.html: 0
[2016-01-02 06:40:15] EDIT weather/views/default/index.html: 0
[2016-01-02 06:42:14] UPLOAD /home/chrizandr/web2py/applications/weather/static/img/portfolio/1.jpg: 996
[2016-01-02 06:42:44] UPLOAD /home/chrizandr/web2py/applications/weather/static/img/portfolio/2.jpg: 799
[2016-01-02 06:43:33] UPLOAD /home/chrizandr/web2py/applications/weather/static/img/portfolio/3.jpg: 1070
[2016-01-02 06:43:58] UPLOAD /home/chrizandr/web2py/applications/weather/static/img/portfolio/4.jpg: 937
[2016-01-02 06:44:33] UPLOAD /home/chrizandr/web2py/applications/weather/static/img/portfolio/15.jpg: 959
[2016-01-02 06:45:04] UPLOAD /home/chrizandr/web2py/applications/weather/static/img/portfolio/6.jpg: 996
[2016-01-02 06:47:49] UPLOAD /home/chrizandr/web2py/applications/weather/static/img/header.jpg: 831
[2016-01-02 06:52:02] EDIT weather/static/css/creative.css: 0
[2016-01-02 06:52:20] EDIT weather/views/default/index.html: 0
[2016-01-02 06:53:24] EDIT weather/static/css/creative.css: 0
[2016-01-02 06:53:46] EDIT weather/static/css/creative.css: 0
[2016-01-02 06:55:16] EDIT weather/static/css/creative.css: 0
[2016-01-02 06:56:05] EDIT weather/static/css/creative.css: 0
[2016-01-02 06:56:44] EDIT weather/views/default/index.html: 0
[2016-01-02 06:57:19] EDIT weather/views/default/index.html: 0
[2016-01-02 06:59:29] EDIT weather/views/default/index.html: 0
[2016-01-02 07:01:51] DELETE weather/static/img/portfolio/6.jpg: -996
[2016-01-02 07:02:48] UPLOAD /home/chrizandr/web2py/applications/weather/static/img/portfolio/6.jpg: 931
[2016-01-02 07:06:38] EDIT weather/views/default/index.html: -18
[2016-01-02 14:15:01] EDIT weather/views/default/index.html: 1
[2016-01-02 14:20:38] EDIT weather/views/default/test.html: 59
[2016-01-02 14:24:36] EDIT weather/views/default/test.html: 5
[2016-01-02 14:27:55] EDIT weather/views/default/test.html: -10
[2016-01-02 14:29:13] EDIT weather/views/default/test.html: 0
[2016-01-02 14:29:41] EDIT weather/views/default/test.html: 0
[2016-01-02 14:30:12] EDIT weather/views/default/test.html: -1
[2016-01-02 14:30:26] EDIT weather/views/default/test.html: 1
[2016-01-02 14:30:51] EDIT weather/views/default/test.html: 0
[2016-01-02 14:32:24] EDIT weather/views/default/test.html: 9
[2016-01-02 14:32:41] EDIT weather/views/default/test.html: 0
[2016-01-02 14:34:13] EDIT weather/views/default/test.html: 0
[2016-01-02 14:34:32] EDIT weather/views/default/test.html: 0
[2016-01-02 14:34:47] EDIT weather/views/default/test.html: 0
[2016-01-02 14:40:37] EDIT weather/views/default/test.html: 6
[2016-01-02 14:41:09] EDIT weather/views/default/test.html: -1
[2016-01-02 14:42:12] EDIT weather/views/default/test.html: 2
[2016-01-02 14:47:52] EDIT weather/views/default/test.html: -10
[2016-01-03 06:45:51] EDIT weather/views/default/test.html: 11
[2016-01-03 06:47:21] DELETE weather/static/img/header.jpg: -831
[2016-01-03 06:48:02] UPLOAD /home/chrizandr/web2py/applications/weather/static/img/header.jpg: 1948
[2016-01-03 06:50:44] EDIT weather/controllers/default.py: 9
[2016-01-03 06:57:55] EDIT weather/views/default/index.html: 76
[2016-01-03 06:58:50] EDIT weather/views/default/index.html: 0
[2016-01-03 07:01:11] EDIT weather/views/default/index.html: -15
[2016-01-03 07:07:46] EDIT weather/views/default/test.html: -141
[2016-01-03 07:13:01] EDIT weather/views/default/index.html: 0
[2016-01-03 07:14:26] EDIT weather/views/default/curr.html: -14
[2016-01-03 07:15:05] EDIT weather/views/default/curr.html: 0
[2016-01-03 07:17:38] EDIT weather/views/default/curr.html: 0
[2016-01-03 07:21:01] EDIT weather/views/default/curr.html: -1
[2016-01-03 07:22:54] EDIT weather/views/default/curr.html: -29
[2016-01-03 07:25:27] EDIT weather/views/default/curr.html: 1
[2016-01-03 07:26:56] EDIT weather/views/default/curr.html: 0
[2016-01-03 07:44:07] EDIT weather/views/default/curr.html: 62
[2016-01-03 07:45:05] EDIT weather/controllers/default.py: 0
[2016-01-03 07:47:03] EDIT weather/views/default/index.html: 51
[2016-01-03 07:48:39] EDIT weather/views/default/index.html: 6
[2016-01-03 07:49:58] EDIT weather/views/default/index.html: 0
[2016-01-03 07:50:28] EDIT weather/views/default/index.html: 0
[2016-01-03 07:51:06] EDIT weather/views/default/index.html: 0
[2016-01-03 07:51:19] EDIT weather/views/default/index.html: 0
[2016-01-03 07:53:01] EDIT weather/views/default/index.html: -2
[2016-01-03 07:53:35] EDIT weather/views/default/index.html: -2
[2016-01-03 07:53:58] EDIT weather/views/default/index.html: -2
[2016-01-03 07:56:20] EDIT weather/views/default/test.html: 28
[2016-01-03 08:05:27] EDIT weather/views/default/dayres.html: 65
[2016-01-03 08:09:43] EDIT weather/views/default/dayres.html: 1
[2016-01-03 08:10:38] EDIT weather/views/default/dayres.html: 0
[2016-01-03 08:16:24] EDIT weather/views/default/dayres.html: 13
[2016-01-03 08:20:04] EDIT weather/views/default/dayres.html: -11
[2016-01-03 08:20:52] EDIT weather/views/default/dayres.html: -2
[2016-01-03 08:21:26] EDIT weather/views/default/dayres.html: 0
[2016-01-03 08:22:09] EDIT weather/views/default/dayres.html: 4
[2016-01-03 08:28:18] EDIT weather/views/default/dayres.html: 3
[2016-01-03 10:01:47] EDIT weather/controllers/default.py: 0
[2016-01-03 10:03:46] EDIT weather/controllers/default.py: 0
[2016-01-03 10:08:41] EDIT weather/controllers/default.py: 0
[2016-01-03 10:11:43] EDIT weather/views/default/monthres.html: 73
[2016-01-03 10:13:10] EDIT weather/views/default/month.html: 146
[2016-01-03 10:14:00] EDIT weather/views/default/monthres.html: 0
[2016-01-03 10:17:52] EDIT weather/controllers/default.py: 0
[2016-01-03 10:26:24] EDIT weather/controllers/default.py: 27
[2016-01-03 10:27:09] EDIT weather/views/default/monthres.html: 0
[2016-01-03 10:29:46] EDIT weather/controllers/default.py: 0
[2016-01-03 10:30:38] EDIT weather/views/default/month.html: -168
[2016-01-03 10:34:03] EDIT weather/views/default/day.html: 75
[2016-01-03 10:35:10] EDIT weather/views/default/day.html: -2
[2016-01-03 10:38:37] EDIT weather/views/default/day.html: 4
[2016-01-03 10:39:12] EDIT weather/views/default/day.html: 4
[2016-01-03 10:39:26] EDIT weather/views/default/day.html: 0
[2016-01-03 10:39:58] EDIT weather/views/default/day.html: 3
[2016-01-03 10:47:12] EDIT weather/views/default/day.html: 2
[2016-01-03 10:50:16] EDIT weather/views/default/day.html: -8
[2016-01-03 10:51:21] EDIT weather/views/default/day.html: 2
[2016-01-03 10:52:35] EDIT weather/views/default/day.html: 1
[2016-01-03 10:53:52] EDIT weather/views/default/day.html: 0
[2016-01-03 10:55:10] EDIT weather/views/default/month.html: 94
[2016-01-03 10:55:32] EDIT weather/views/default/month.html: 0
[2016-01-03 10:57:49] EDIT weather/views/default/index.html: 0
[2016-01-03 11:01:05] EDIT weather/views/default/index.html: -18
[2016-01-03 11:04:18] EDIT weather/views/default/index.html: 0
[2016-01-03 11:05:47] EDIT weather/views/default/index.html: 0
[2016-01-03 11:07:31] EDIT weather/views/default/index.html: -9
[2016-01-03 11:09:31] EDIT weather/views/default/index.html: -8
[2016-01-03 11:14:19] EDIT weather/views/default/index.html: 0
[2016-01-03 11:15:45] EDIT weather/views/default/index.html: 0
[2016-01-03 11:23:10] EDIT weather/views/default/index.html: 0
[2016-01-03 11:23:41] EDIT weather/views/default/index.html: 0
[2016-01-03 11:24:03] EDIT weather/views/default/index.html: 0
[2016-01-03 11:24:24] EDIT weather/views/default/index.html: 0
[2016-01-03 11:24:41] EDIT weather/views/default/index.html: 0
[2016-01-03 11:25:00] EDIT weather/views/default/index.html: 0
[2016-01-03 11:26:19] EDIT weather/views/default/index.html: 0
[2016-01-03 11:26:33] EDIT weather/views/default/index.html: 0
[2016-01-03 11:46:51] EDIT weather/views/default/index.html: 1
[2016-01-03 11:47:56] EDIT weather/views/default/year.html: 72
[2016-01-03 11:48:20] EDIT weather/views/default/year.html: 0
[2016-01-03 11:48:28] EDIT weather/views/default/day.html: 0
[2016-01-03 11:53:45] EDIT weather/controllers/default.py: 3
[2016-01-03 11:54:03] EDIT weather/views/default/test.html: 0
[2016-01-03 11:54:22] EDIT weather/views/default/test.html: -81
[2016-01-03 11:59:16] EDIT weather/controllers/default.py: 14
[2016-01-03 11:59:33] CREATE default/error.html: 0
[2016-01-03 12:00:00] EDIT weather/views/default/error.html: 1
[2016-01-03 12:02:35] EDIT weather/controllers/default.py: -10
[2016-01-03 12:03:11] EDIT weather/controllers/default.py: 0
[2016-01-03 12:03:44] EDIT weather/controllers/default.py: 1
[2016-01-03 12:04:24] EDIT weather/views/default/error.html: 0
[2016-01-03 12:12:18] EDIT weather/views/default/error.html: 34
[2016-01-03 12:12:51] EDIT weather/controllers/default.py: 0
[2016-01-03 12:13:24] EDIT weather/views/default/error.html: 0
[2016-01-03 12:15:42] EDIT weather/controllers/default.py: 3
[2016-01-03 12:16:31] EDIT weather/controllers/default.py: 0
[2016-01-03 12:18:22] EDIT weather/controllers/default.py: 3
[2016-01-03 12:22:39] EDIT weather/views/default/index.html: 0
[2016-01-03 12:24:45] EDIT weather/controllers/default.py: 0
[2016-01-03 12:27:31] EDIT weather/controllers/default.py: 0
[2016-01-03 12:30:27] EDIT weather/views/default/yearres.html: 73
[2016-01-03 12:31:13] EDIT weather/controllers/default.py: 1
[2016-01-03 17:00:42] EDIT weather/controllers/default.py: 0
[2016-01-03 17:10:49] EDIT weather/views/default/index.html: 0
[2016-01-03 17:11:21] EDIT weather/views/default/index.html: 0
[2016-01-03 17:30:01] EDIT weather/views/default/index.html: -4
[2016-01-03 17:31:59] EDIT weather/views/default/index.html: 0
[2016-01-03 17:34:57] EDIT weather/views/default/day.html: -20
[2016-01-03 17:35:34] EDIT weather/views/default/day.html: 0
[2016-01-03 17:36:55] EDIT weather/views/default/month.html: -19
[2016-01-03 17:37:06] EDIT weather/views/default/month.html: 1
[2016-01-03 17:37:36] EDIT weather/views/default/year.html: -20
[2016-01-03 17:40:18] EDIT weather/views/default/dayres.html: -8
[2016-01-03 17:40:25] EDIT weather/views/default/dayres.html: -6
[2016-01-03 17:41:11] EDIT weather/views/default/dayres.html: 0
[2016-01-03 17:42:20] EDIT weather/views/default/dayres.html: 5
[2016-01-03 17:43:19] EDIT weather/views/default/day.html: 12
[2016-01-03 17:43:37] EDIT weather/views/default/day.html: -2
[2016-01-03 17:44:08] EDIT weather/views/default/month.html: 8
[2016-01-03 17:44:31] EDIT weather/views/default/year.html: 9
[2016-01-03 17:45:49] EDIT weather/views/default/monthres.html: -9
[2016-01-03 17:46:14] EDIT weather/views/default/yearres.html: -9
[2016-01-03 17:47:40] EDIT weather/controllers/default.py: 1
[2016-01-03 17:48:17] EDIT weather/views/default/dayres.html: 0
[2016-01-03 17:50:14] EDIT weather/views/default/error.html: 15
[2016-01-11 08:58:46] EDIT weather/controllers/default.py: 0
[2016-01-11 09:04:07] EDIT weather/controllers/default.py: 0
[2016-01-11 09:05:00] EDIT weather/views/default/yearres.html: -155
[2016-01-11 09:19:58] EDIT weather/views/default/yearres.html: 155
[2016-01-11 09:20:17] EDIT weather/views/default/yearres.html: -155
[2016-01-11 09:44:23] EDIT weather/controllers/default.py: 12
[2016-01-11 09:45:50] EDIT weather/views/default/yearres.html: 155
[2016-01-11 09:54:13] EDIT weather/views/default/yearres.html: 0
[2016-01-13 08:37:13] EDIT weather/views/default/yearres.html: 0
[2016-01-13 08:39:26] EDIT weather/views/default/yearres.html: 0
[2016-01-13 08:41:20] EDIT weather/views/default/yearres.html: 0
[2016-01-13 08:51:05] EDIT weather/controllers/default.py: 0
[2016-01-13 08:52:28] EDIT weather/controllers/default.py: 0
[2016-01-13 08:52:28] EDIT weather/controllers/default.py: 0
[2016-01-13 08:52:38] EDIT weather/controllers/default.py: 0
[2016-01-13 08:57:09] EDIT weather/controllers/default.py: 0
[2016-01-13 08:58:50] EDIT weather/views/default/yearres.html: -155
[2016-01-13 09:01:25] EDIT weather/views/default/yearres.html: 27
[2016-01-13 09:02:22] EDIT weather/views/default/yearres.html: 2
[2016-01-13 09:03:04] EDIT weather/views/default/test.html: 33
[2016-01-13 09:04:13] EDIT weather/views/default/test.html: 4
[2016-01-13 09:04:59] EDIT weather/views/default/test.html: 0
[2016-01-13 09:06:09] EDIT weather/views/default/test.html: 1
[2016-01-13 09:06:29] EDIT weather/views/default/test.html: 0
[2016-01-13 09:07:32] EDIT weather/views/default/test.html: 0
[2016-01-13 09:07:53] EDIT weather/views/default/test.html: -5
[2016-01-13 09:09:25] EDIT weather/views/default/yearres.html: 126
[2016-01-13 09:10:58] EDIT weather/views/default/test.html: 0
[2016-01-13 09:16:01] EDIT weather/views/default/yearres.html: -15
[2016-01-13 09:18:38] EDIT weather/views/default/yearres.html: 15
[2016-01-13 09:20:09] EDIT weather/views/default/test.html: 5
[2016-01-13 09:20:25] EDIT weather/views/default/test.html: 0
[2016-01-13 09:20:42] EDIT weather/views/default/test.html: -3
[2016-01-13 09:22:02] EDIT weather/views/default/test.html: -4
[2016-01-13 09:29:16] EDIT weather/views/default/yearres.html: -155
[2016-01-13 09:33:43] EDIT weather/views/default/test.html: 1
[2016-01-13 09:35:35] EDIT weather/views/default/test.html: 0
[2016-01-13 09:35:47] EDIT weather/views/default/test.html: 0
[2016-01-13 09:36:42] EDIT weather/views/default/test.html: -1
[2016-01-13 09:37:34] EDIT weather/views/default/yearres.html: 155
[2016-01-15 13:36:39] EDIT weather/views/default/test.html: 1
[2016-01-15 13:42:35] EDIT weather/views/default/test.html: 33
[2016-01-15 13:43:42] EDIT weather/views/default/yearres.html: -20
[2016-01-15 13:46:16] EDIT weather/views/default/test.html: 0
[2016-01-15 13:47:38] EDIT weather/views/default/test.html: 0
[2016-01-15 13:49:21] EDIT weather/views/default/test.html: 0
[2016-01-15 13:53:29] EDIT weather/views/default/yearres.html: 0
[2016-01-15 16:09:03] EDIT weather/views/default/yearres.html: 0
[2016-01-15 16:11:21] EDIT weather/views/default/yearres.html: -135
[2016-01-15 16:13:53] EDIT weather/controllers/default.py: 0
[2016-01-15 16:16:48] EDIT weather/controllers/default.py: 0
[2016-01-15 16:17:14] EDIT weather/views/default/yearres.html: 135
[2016-01-15 16:18:43] EDIT weather/views/default/yearres.html: 0
[2016-01-15 16:20:35] EDIT weather/views/default/yearres.html: -135
[2016-01-15 16:21:50] EDIT weather/views/default/yearres.html: 0
[2016-01-15 16:36:24] EDIT weather/controllers/default.py: 0
[2016-01-15 17:32:16] EDIT weather/controllers/default.py: 10
[2016-01-17 16:06:28] EDIT weather/controllers/default.py: 0
[2016-01-17 16:10:16] EDIT weather/controllers/default.py: 10
[2016-01-17 16:17:22] EDIT weather/controllers/default.py: -4
[2016-01-17 16:25:35] EDIT weather/controllers/default.py: -11
[2016-01-17 16:31:26] EDIT weather/views/default/test.html: 0
[2016-01-17 16:31:33] EDIT weather/controllers/default.py: 1
[2016-01-17 16:36:39] EDIT weather/views/default/test.html: 0
[2016-01-17 16:38:13] EDIT weather/views/default/test.html: 0
[2016-01-17 16:39:31] EDIT weather/views/default/test.html: 0
[2016-01-17 16:40:33] EDIT weather/views/default/test.html: 0
[2016-01-17 16:41:11] EDIT weather/views/default/test.html: 0
[2016-01-17 16:46:49] EDIT weather/controllers/default.py: 4
[2016-01-17 16:48:03] EDIT weather/views/default/test.html: 0
[2016-01-17 16:48:25] EDIT weather/controllers/default.py: 1
[2016-01-17 16:48:46] EDIT weather/controllers/default.py: 1
[2016-01-17 16:49:01] EDIT weather/controllers/default.py: 1
[2016-01-17 16:55:43] EDIT weather/views/default/test.html: -10
[2016-01-17 16:56:44] EDIT weather/views/default/test.html: 0
[2016-01-17 17:00:18] EDIT weather/views/default/test.html: -112
[2016-01-17 17:01:27] EDIT weather/views/default/test.html: 1
[2016-01-17 17:01:59] EDIT weather/views/default/test.html: -5
[2016-01-17 17:02:30] EDIT weather/views/default/test.html: -5
[2016-01-17 17:02:54] EDIT weather/views/default/test.html: 5
[2016-01-17 17:07:26] EDIT weather/views/default/test.html: -5
[2016-01-17 17:07:43] EDIT weather/views/default/test.html: 0
[2016-01-17 17:08:12] EDIT weather/views/default/test.html: 5
[2016-01-17 17:09:22] EDIT weather/views/default/test.html: 2
[2016-01-17 17:09:49] EDIT weather/views/default/monthres.html: 0
[2016-01-17 17:10:12] EDIT weather/views/default/monthres.html: 0
[2016-01-17 17:20:09] EDIT weather/views/default/monthres.html: 0
[2016-01-17 17:21:10] EDIT weather/views/default/monthres.html: 0
[2016-01-17 17:38:44] EDIT weather/views/default/test.html: 5
[2016-01-17 17:39:10] EDIT weather/views/default/test.html: 0
[2016-01-17 17:39:34] EDIT weather/views/default/test.html: 0
[2016-01-17 17:40:46] EDIT weather/views/default/test.html: 0
[2016-01-17 17:42:52] EDIT weather/views/default/test.html: -4
[2016-01-17 17:45:52] EDIT weather/views/default/test.html: 7
[2016-01-17 17:46:17] EDIT weather/views/default/test.html: 0
[2016-01-17 17:46:40] EDIT weather/views/default/test.html: -2
[2016-01-17 17:46:53] EDIT weather/views/default/test.html: 0
[2016-01-17 17:51:18] EDIT weather/views/default/test.html: 0
[2016-01-17 17:51:35] EDIT weather/views/default/test.html: 0
[2016-01-17 17:52:07] EDIT weather/controllers/default.py: -4
[2016-01-17 17:52:51] EDIT weather/views/default/test.html: 0
[2016-01-17 17:53:41] EDIT weather/views/default/test.html: 0
[2016-01-17 17:53:53] EDIT weather/views/default/test.html: 0
[2016-01-17 18:03:13] EDIT weather/controllers/default.py: 10
[2016-01-17 18:04:51] EDIT weather/views/default/monthres.html: 0
[2016-01-17 18:07:13] EDIT weather/views/default/yearres.html: 155
[2016-01-17 18:08:44] EDIT weather/controllers/default.py: 0
[2016-01-18 08:59:04] EDIT weather/controllers/default.py: 0
[2016-01-18 09:06:47] CREATE default/history.html: 0
[2016-01-18 09:06:57] EDIT weather/controllers/default.py: 7
[2016-01-18 09:07:37] EDIT weather/controllers/default.py: 1
[2016-01-18 09:08:11] EDIT weather/controllers/default.py: 0
[2016-01-18 09:15:34] EDIT weather/views/default/curr.html: 1
[2016-01-18 09:16:19] EDIT weather/views/default/index.html: 1
[2016-01-18 09:16:48] EDIT weather/views/default/index.html: 3
[2016-01-18 09:23:08] EDIT weather/views/default/index.html: 1
[2016-01-18 09:27:37] EDIT weather/views/default/index.html: -54
[2016-01-18 09:28:30] EDIT weather/views/default/index.html: -20
[2016-01-18 09:29:46] EDIT weather/views/default/index.html: 10
[2016-01-18 09:30:53] EDIT weather/views/default/index.html: 10
[2016-01-18 09:31:37] EDIT weather/views/default/index.html: 0
[2016-01-18 09:32:52] EDIT weather/views/default/index.html: -13
[2016-01-18 09:34:24] EDIT weather/controllers/default.py: 10
[2016-01-18 09:34:43] EDIT weather/controllers/default.py: 1
[2016-01-18 09:37:03] EDIT weather/views/default/curr.html: 0
[2016-01-18 09:37:06] EDIT weather/views/default/curr.html: 0
[2016-01-18 09:37:35] EDIT weather/views/default/curr.html: 0
[2016-01-18 09:37:50] EDIT weather/views/default/curr.html: 0
[2016-01-18 09:38:14] EDIT weather/views/default/curr.html: 0
[2016-01-18 09:38:16] EDIT weather/views/default/curr.html: 0
[2016-01-18 09:38:44] EDIT weather/views/default/curr.html: 0
[2016-01-18 09:39:13] EDIT weather/views/default/curr.html: 0
[2016-01-18 09:40:26] EDIT weather/views/default/curr.html: 0
[2016-01-18 09:41:39] EDIT weather/views/default/curr.html: 0
[2016-01-18 09:43:01] EDIT weather/views/default/curr.html: 0
[2016-01-18 09:45:21] EDIT weather/views/default/curr.html: 33
[2016-01-18 09:45:45] EDIT weather/views/default/curr.html: 0
[2016-01-18 09:45:58] EDIT weather/views/default/curr.html: 0
[2016-01-18 09:46:16] EDIT weather/views/default/curr.html: 0
[2016-01-18 09:47:46] EDIT weather/views/default/index.html: -11
[2016-01-18 09:48:34] EDIT weather/views/default/index.html: 0
[2016-01-18 09:49:03] EDIT weather/views/default/index.html: 0
[2016-01-18 09:49:37] EDIT weather/views/default/index.html: 0
[2016-01-18 09:52:36] EDIT weather/views/default/index.html: -1
[2016-01-18 09:56:31] EDIT weather/views/default/index.html: 2
[2016-01-18 09:57:32] EDIT weather/views/default/index.html: -1
[2016-01-18 10:02:16] EDIT weather/views/default/index.html: 3
[2016-01-18 10:13:56] EDIT weather/views/default/index.html: 6
[2016-01-18 10:14:48] EDIT weather/views/default/index.html: -29
[2016-01-18 10:15:17] EDIT weather/views/default/index.html: 0
[2016-01-18 10:17:05] EDIT weather/views/default/index.html: 3
[2016-01-18 10:17:38] EDIT weather/views/default/index.html: 0
[2016-01-18 10:18:04] EDIT weather/views/default/index.html: -3
[2016-01-18 10:18:30] EDIT weather/views/default/index.html: 0
[2016-01-18 10:18:58] EDIT weather/views/default/index.html: 0
[2016-01-18 10:20:31] EDIT weather/views/default/index.html: 1
[2016-01-18 10:21:41] EDIT weather/views/default/index.html: 0
[2016-01-18 10:22:34] EDIT weather/views/default/index.html: 0
[2016-01-18 10:23:10] EDIT weather/views/default/index.html: 1
[2016-01-18 10:23:40] EDIT weather/views/default/index.html: 0
[2016-01-18 10:25:22] EDIT weather/views/default/index.html: 0
[2016-01-18 10:25:59] EDIT weather/views/default/index.html: 0
[2016-01-19 11:06:07] EDIT weather/views/default/index.html: 5
[2016-01-19 11:12:43] EDIT weather/views/default/index.html: 0
[2016-01-19 11:14:30] EDIT weather/views/default/index.html: -5
[2016-01-19 11:15:41] EDIT weather/views/default/index.html: 0
[2016-01-19 11:17:39] EDIT weather/views/default/index.html: 0
[2016-01-20 04:56:11] UPLOAD /home/chrizandr/web2py/applications/weather/static/img/logo.png: 53
[2016-01-20 04:58:14] EDIT weather/views/default/index.html: -1
[2016-01-20 04:58:46] EDIT weather/views/default/index.html: 1
[2016-01-20 04:59:07] EDIT weather/views/default/index.html: -1
[2016-01-20 04:59:21] EDIT weather/views/default/index.html: 0
[2016-01-20 04:59:34] EDIT weather/views/default/index.html: 0
[2016-01-20 05:01:45] EDIT weather/views/default/index.html: 1
[2016-01-20 05:02:31] EDIT weather/views/default/index.html: -1
[2016-01-20 05:02:54] EDIT weather/views/default/index.html: 0
[2016-01-20 05:03:09] EDIT weather/views/default/index.html: 1
[2016-01-20 05:03:27] EDIT weather/views/default/index.html: -1
[2016-01-20 05:04:45] EDIT weather/views/default/index.html: 1
[2016-01-20 05:05:13] EDIT weather/views/default/index.html: 0
[2016-01-20 05:05:26] EDIT weather/views/default/index.html: 0
[2016-01-20 05:05:56] EDIT weather/views/default/index.html: 0
[2016-01-20 05:06:12] EDIT weather/views/default/index.html: 0
[2016-01-20 05:37:03] EDIT weather/views/default/index.html: 0
[2016-01-20 05:45:31] EDIT weather/views/default/index.html: 0
[2016-01-20 05:46:04] EDIT weather/views/default/index.html: 0
[2016-01-20 05:46:20] EDIT weather/views/default/index.html: 0
[2016-01-20 05:46:36] EDIT weather/views/default/index.html: 0
[2016-01-20 05:54:18] EDIT weather/views/default/index.html: 0
[2016-01-20 08:32:49] UPLOAD /home/chrizandr/web2py/applications/weather/static/img/sricity.png: 190
[2016-01-20 08:33:42] EDIT weather/views/default/index.html: 0
[2016-01-20 08:34:29] EDIT weather/views/default/index.html: 0
[2016-01-20 08:36:35] DELETE weather/static/img/sricity.png: -190
[2016-01-20 08:36:47] UPLOAD /home/chrizandr/web2py/applications/weather/static/img/sricity.png: 195
[2016-01-20 08:37:16] EDIT weather/views/default/index.html: 0
[2016-01-20 08:37:44] EDIT weather/views/default/index.html: 0
[2016-01-20 08:38:20] EDIT weather/views/default/index.html: 0
[2016-01-20 08:38:35] EDIT weather/views/default/index.html: 0
[2016-01-20 08:41:45] EDIT weather/views/default/index.html: 0
[2016-01-20 08:44:07] EDIT weather/views/default/index.html: 0
[2016-01-20 08:44:48] EDIT weather/views/default/index.html: -1
[2016-01-20 08:45:21] EDIT weather/views/default/index.html: 0
[2016-01-20 08:45:46] EDIT weather/views/default/index.html: 0
[2016-01-20 08:47:57] EDIT weather/views/default/index.html: 0
[2016-01-20 08:51:59] EDIT weather/views/default/index.html: 0
[2016-01-20 08:52:29] EDIT weather/views/default/index.html: 0
[2016-01-20 08:52:54] EDIT weather/views/default/index.html: 0
[2016-01-20 08:54:01] EDIT weather/views/default/index.html: 0
[2016-01-20 08:54:23] EDIT weather/views/default/index.html: 0
[2016-01-20 08:54:56] EDIT weather/views/default/index.html: 0
[2016-01-20 08:57:42] EDIT weather/views/default/history.html: 35
[2016-01-20 08:58:24] EDIT weather/views/default/history.html: 0
[2016-01-20 08:59:37] EDIT weather/views/default/history.html: 28
[2016-01-20 09:00:59] EDIT weather/views/default/history.html: 10
[2016-01-20 09:01:03] EDIT weather/views/default/history.html: 1
[2016-01-20 09:01:19] EDIT weather/views/default/history.html: 0
[2016-01-20 09:01:41] EDIT weather/views/default/history.html: -3
[2016-01-20 09:02:25] EDIT weather/views/default/history.html: 0
[2016-01-20 09:09:59] EDIT weather/views/default/history.html: 15
[2016-01-20 09:11:03] EDIT weather/views/default/history.html: 0
[2016-01-20 09:12:10] EDIT weather/views/default/history.html: 0
[2016-01-20 09:13:38] EDIT weather/views/default/history.html: 0
[2016-01-20 09:14:19] EDIT weather/views/default/history.html: 0
[2016-01-20 09:27:26] EDIT weather/controllers/default.py: 0
[2016-01-20 09:27:45] EDIT weather/controllers/default.py: 53
[2016-01-20 09:31:24] EDIT weather/views/default/dayres.html: 0
[2016-01-20 09:32:47] EDIT weather/controllers/default.py: 2
[2016-01-20 09:33:40] EDIT weather/controllers/default.py: 0
[2016-01-20 09:34:31] EDIT weather/controllers/default.py: 0
[2016-01-20 09:37:15] EDIT weather/controllers/default.py: 0
[2016-01-20 09:38:57] EDIT weather/controllers/default.py: 0
[2016-01-20 09:45:28] EDIT weather/views/default/history.html: 0
[2016-01-20 09:47:43] EDIT weather/views/default/history.html: 3
[2016-01-20 09:48:27] EDIT weather/views/default/history.html: 0
[2016-01-20 09:48:53] EDIT weather/views/default/history.html: 0
[2016-01-20 09:49:55] EDIT weather/views/default/history.html: 6
[2016-01-20 09:51:13] EDIT weather/views/default/history.html: 0
[2016-01-20 09:51:59] EDIT weather/views/default/history.html: 0
[2016-01-20 09:56:22] EDIT weather/views/default/history.html: 1
[2016-01-20 09:56:34] EDIT weather/views/default/history.html: 1
[2016-01-20 09:57:20] EDIT weather/views/default/history.html: 0
[2016-01-20 10:01:07] EDIT weather/views/default/history.html: 0
[2016-01-20 10:12:10] EDIT weather/views/default/history.html: 1
[2016-01-20 10:16:09] EDIT weather/views/default/history.html: 0
[2016-01-20 10:17:21] EDIT weather/views/default/history.html: -4
[2016-01-20 10:22:13] EDIT weather/views/default/test.html: -6
[2016-01-20 16:45:09] EDIT weather/views/default/index.html: 0
[2016-01-21 12:16:07] EDIT weather/controllers/default.py: 37
[2016-01-21 12:22:46] EDIT weather/views/default/monthres.html: 0
[2016-01-21 17:57:41] EDIT weather/controllers/default.py: 37
[2016-01-21 17:59:19] EDIT weather/controllers/default.py: 0
[2016-01-21 18:04:02] EDIT weather/controllers/default.py: 0
[2016-01-21 18:07:14] EDIT weather/views/default/yearres.html: 0
[2016-01-21 18:26:13] EDIT weather/views/default/yearres.html: -12
[2016-01-21 18:26:35] EDIT weather/views/default/monthres.html: -12
[2016-01-21 18:26:45] EDIT weather/views/default/yearres.html: 0
[2016-01-21 18:26:57] EDIT weather/views/default/test.html: -20
[2016-01-21 18:27:27] EDIT weather/views/default/monthres.html: 0
[2016-01-21 18:33:35] EDIT weather/controllers/default.py: 0
[2016-01-22 09:52:24] EDIT weather/views/default/history.html: 5
[2016-01-22 10:30:46] EDIT weather/views/default/history.html: -1
[2016-01-22 10:37:28] EDIT weather/views/default/history.html: 28
[2016-01-25 08:35:10] EDIT weather/views/default/history.html: 0
[2016-01-25 14:11:56] EDIT weatherb/views/default/history.html: 1
[2016-01-25 14:19:02] EDIT weatherb/controllers/default.py: 0
[2016-01-25 14:24:08] EDIT weatherb/views/default/dayres.html: -12
[2016-01-25 14:25:01] EDIT weatherb/views/default/yearres.html: 0
[2016-01-25 14:27:17] EDIT weatherb/controllers/default.py: 0
[2016-01-25 14:28:06] EDIT weatherb/controllers/default.py: 0
[2016-01-25 14:28:31] EDIT weatherb/controllers/default.py: 0
[2016-01-25 14:28:35] EDIT weatherb/controllers/default.py: 0
[2016-01-25 14:29:10] EDIT weatherb/controllers/default.py: 0
[2016-01-25 14:29:11] EDIT weatherb/controllers/default.py: 0
[2016-01-25 14:29:11] EDIT weatherb/controllers/default.py: 0
[2016-01-25 14:29:11] EDIT weatherb/controllers/default.py: 0
[2016-01-25 14:29:12] EDIT weatherb/controllers/default.py: 0
[2016-01-25 14:29:12] EDIT weatherb/controllers/default.py: 0
[2016-01-25 14:29:12] EDIT weatherb/controllers/default.py: 0
[2016-01-25 14:29:12] EDIT weatherb/controllers/default.py: 0
[2016-01-25 14:35:56] EDIT weatherb/controllers/default.py: 1
[2016-01-25 14:36:16] EDIT weatherb/controllers/default.py: 0
[2016-01-25 14:37:21] EDIT weatherb/controllers/default.py: 1
[2016-01-25 14:42:52] EDIT weatherb/controllers/default.py: 1
[2016-01-25 14:43:10] EDIT weatherb/controllers/default.py: 0
[2016-01-25 14:44:21] EDIT weatherb/controllers/default.py: 0
[2016-01-25 14:45:00] EDIT weatherb/controllers/default.py: 0
[2016-01-25 14:47:07] EDIT weatherb/views/default/history.html: -56
[2016-02-17 14:18:42] EDIT weatherb/views/default/index.html: -1
[2016-02-17 14:19:48] EDIT weatherb/views/default/index.html: 0
[2016-02-17 15:27:18] EDIT weatherb/views/default/index.html: 0
[2016-02-17 15:28:23] UPLOAD /home/chris/web2py/applications/weatherb/static/img/Untitled.png: 235
[2016-02-17 15:32:28] EDIT weatherb/views/default/monthres.html: 5
[2016-02-17 15:34:40] EDIT weatherb/views/default/monthres.html: 1
[2016-02-17 15:36:10] EDIT weatherb/views/default/monthres.html: -1
[2016-02-17 16:02:32] EDIT weatherb/views/default/yearres.html: 5
[2016-02-17 16:03:58] EDIT weatherb/views/default/dayres.html: 5
[2016-02-17 16:04:00] EDIT weatherb/views/default/dayres.html: 0
[2016-03-09 00:09:48] EDIT weather/controllers/default.py: 2
[2016-03-09 00:10:01] EDIT weather/views/default/test.html: -15
[2016-03-09 00:11:06] EDIT weather/views/default/test.html: 0
[2016-03-09 00:11:20] EDIT weather/views/default/test.html: 0
[2016-03-09 00:11:27] EDIT weather/views/default/test.html: 0
[2016-03-09 00:11:59] EDIT weather/controllers/default.py: 0
[2016-03-23 14:09:35] EDIT weather/views/default/test.html: 0
[2016-03-23 14:10:04] EDIT weather/views/default/test.html: 0
[2016-03-23 14:26:06] EDIT weather/controllers/default.py: 1
[2016-03-23 14:34:13] EDIT weather/views/default/dayres.html: 1
[2016-03-23 14:34:40] EDIT weather/views/default/dayres.html: 1
[2016-03-23 14:34:58] EDIT weather/controllers/default.py: -1
[2016-03-23 14:37:01] EDIT weather/controllers/default.py: 0
[2016-03-23 14:37:04] EDIT weather/controllers/default.py: -11
[2016-03-23 14:39:21] EDIT weather/controllers/default.py: 7
[2016-03-23 14:39:37] EDIT weather/views/default/test.html: 1
[2016-03-23 14:39:59] EDIT weather/views/default/test.html: 1
[2016-03-23 14:45:22] EDIT weather/controllers/default.py: 1
[2016-03-23 14:45:58] EDIT weather/controllers/default.py: 0
[2016-03-23 14:47:17] EDIT weather/controllers/default.py: 1
[2016-03-23 14:48:14] EDIT weather/controllers/default.py: 1
[2016-03-23 14:48:41] EDIT weather/controllers/default.py: 0
[2016-03-23 14:49:53] EDIT weather/controllers/default.py: -1
[2016-03-23 14:50:41] EDIT weather/controllers/default.py: 1
[2016-03-23 14:50:59] EDIT weather/controllers/default.py: 0
[2016-03-23 14:51:20] EDIT weather/views/default/test.html: -1
[2016-03-23 14:52:08] EDIT weather/controllers/default.py: 1
[2016-03-23 14:53:29] EDIT weather/views/default/dayres.html: -1
[2016-03-23 15:08:12] EDIT weather/controllers/default.py: -61
[2016-03-23 15:13:04] EDIT weather/controllers/default.py: 0
[2016-03-23 15:14:23] EDIT weather/views/default/monthres.html: 3
[2016-03-23 15:16:53] EDIT weather/controllers/default.py: 0
[2016-03-23 15:17:42] EDIT weather/views/default/monthres.html: 0
[2016-03-23 15:40:38] EDIT weather/controllers/default.py: -45
[2016-03-23 15:41:40] EDIT weather/controllers/default.py: 0
[2016-03-23 15:42:09] EDIT weather/controllers/default.py: 0
[2016-03-23 15:52:23] EDIT weather/controllers/default.py: 0
[2016-03-23 16:04:03] EDIT weather/controllers/default.py: -86
[2016-03-23 16:09:10] EDIT weather/controllers/default.py: 0
[2016-03-23 16:21:28] EDIT weather/controllers/default.py: -159
[2016-03-23 16:22:49] EDIT weather/controllers/default.py: -4
[2016-03-23 16:25:43] EDIT weather/controllers/default.py: -10
[2016-03-23 16:28:22] DELETE weather/models/db2014.py: -8
[2016-03-23 16:28:27] DELETE weather/models/db2015.py: -8
[2016-04-12 14:59:16] EDIT weather/controllers/default.py: 0
[2016-04-25 17:55:10] EDIT weather/controllers/default.py: 1
[2016-04-25 19:14:07] EDIT weather/controllers/default.py: 7
[2016-04-25 19:14:37] EDIT weather/controllers/default.py: 0
[2016-04-25 19:15:18] EDIT weather/controllers/default.py: 0
[2016-04-25 19:15:39] EDIT weather/controllers/default.py: 0
[2016-04-25 19:16:18] EDIT weather/controllers/default.py: 0
[2016-04-25 19:20:14] EDIT weather/controllers/default.py: 4
[2016-04-25 19:21:03] EDIT weather/controllers/default.py: 0
[2016-04-25 19:23:22] EDIT weather/controllers/default.py: 1
[2016-04-25 19:23:45] EDIT weather/controllers/default.py: 0
[2016-04-25 19:24:59] EDIT weather/controllers/default.py: -1
[2016-04-25 19:26:58] EDIT weather/controllers/default.py: 2
[2016-04-25 19:29:37] EDIT weather/controllers/default.py: 1
[2016-04-25 19:30:51] EDIT weather/controllers/default.py: 1
[2016-04-25 19:31:04] EDIT weather/controllers/default.py: 0
[2016-04-25 19:32:11] EDIT weather/controllers/default.py: 0
[2016-04-25 19:32:52] EDIT weather/controllers/default.py: -1
[2016-04-25 19:44:58] EDIT weather/controllers/default.py: 26
[2016-04-25 19:44:58] EDIT weather/controllers/default.py: 0
[2016-04-25 19:46:46] EDIT weather/views/default/error.html: 0
[2016-04-25 19:48:21] EDIT weather/views/default/day.html: -10
[2016-04-25 19:49:05] EDIT weather/views/default/month.html: -10
[2016-04-25 19:49:54] EDIT weather/views/default/year.html: -9
[2016-04-25 19:50:42] EDIT weather/controllers/default.py: 0
[2016-04-25 19:52:20] EDIT weather/controllers/default.py: 1
[2016-04-25 19:53:08] EDIT weather/views/default/year.html: 0
[2016-04-25 19:54:16] EDIT weather/views/default/yearres.html: 0
[2016-04-25 19:56:05] EDIT weather/views/default/dayres.html: -1
[2016-04-25 20:05:10] EDIT weather/controllers/default.py: 0
[2016-04-25 20:05:36] EDIT weather/controllers/default.py: 0
[2016-04-25 20:16:02] EDIT weather/controllers/default.py: 0
